---------- Date: 2015-01-18 13:17:02 ~ IP : 127.0.0.1 ----------
REQUEST URI : /brian/real_dental/Dental/
MOD DETAILS:
   modFile   : /var/www/html/brian/real_dental/Dental/vqmod/xml/yuotube.xml
   id        : Adds Youtube videos to product pages
   version   : 1.0]
   vqmver    : 1.0
   author    : Oleh Vasylyev  olehvasilyev@gmail.com

File Name    : catalog/model/catalog/product.php(0)
VQModObject::applyMod - SEARCH NOT FOUND (ABORTING MOD): 'tag'              => $query->row['tag'],

----------------------------------------------------------------------


---------- Date: 2015-01-18 13:17:16 ~ IP : 127.0.0.1 ----------
REQUEST URI : /brian/real_dental/Dental/index.php?route=product/category&amp;path=18
MOD DETAILS:
   modFile   : /var/www/html/brian/real_dental/Dental/vqmod/xml/yuotube.xml
   id        : Adds Youtube videos to product pages
   version   : 1.0]
   vqmver    : 1.0
   author    : Oleh Vasylyev  olehvasilyev@gmail.com

File Name    : catalog/model/catalog/product.php(0)
VQModObject::applyMod - SEARCH NOT FOUND (ABORTING MOD): 'tag'              => $query->row['tag'],

----------------------------------------------------------------------


---------- Date: 2015-01-18 13:17:37 ~ IP : 127.0.0.1 ----------
REQUEST URI : /brian/real_dental/Dental/index.php?route=product/search&amp;search=aa
MOD DETAILS:
   modFile   : /var/www/html/brian/real_dental/Dental/vqmod/xml/yuotube.xml
   id        : Adds Youtube videos to product pages
   version   : 1.0]
   vqmver    : 1.0
   author    : Oleh Vasylyev  olehvasilyev@gmail.com

File Name    : catalog/model/catalog/product.php(0)
VQModObject::applyMod - SEARCH NOT FOUND (ABORTING MOD): 'tag'              => $query->row['tag'],

----------------------------------------------------------------------


---------- Date: 2015-01-18 13:18:06 ~ IP : 127.0.0.1 ----------
REQUEST URI : /brian/real_dental/Dental/index.php?route=product/product&amp;path=18&amp;product_id=42
MOD DETAILS:
   modFile   : /var/www/html/brian/real_dental/Dental/vqmod/xml/yuotube.xml
   id        : Adds Youtube videos to product pages
   version   : 1.0]
   vqmver    : 1.0
   author    : Oleh Vasylyev  olehvasilyev@gmail.com

File Name    : catalog/model/catalog/product.php(0)
VQModObject::applyMod - SEARCH NOT FOUND (ABORTING MOD): 'tag'              => $query->row['tag'],

----------------------------------------------------------------------


---------- Date: 2015-01-18 13:23:30 ~ IP : 127.0.0.1 ----------
REQUEST URI : /brian/real_dental/Dental/index.php?route=account/login
MOD DETAILS:
   modFile   : /var/www/html/brian/real_dental/Dental/vqmod/xml/yuotube.xml
   id        : Adds Youtube videos to product pages
   version   : 1.0]
   vqmver    : 1.0
   author    : Oleh Vasylyev  olehvasilyev@gmail.com

File Name    : catalog/model/catalog/product.php(0)
VQModObject::applyMod - SEARCH NOT FOUND (ABORTING MOD): 'tag'              => $query->row['tag'],

----------------------------------------------------------------------


---------- Date: 2015-01-18 13:23:35 ~ IP : 127.0.0.1 ----------
REQUEST URI : /brian/real_dental/Dental/index.php?route=account/account
MOD DETAILS:
   modFile   : /var/www/html/brian/real_dental/Dental/vqmod/xml/yuotube.xml
   id        : Adds Youtube videos to product pages
   version   : 1.0]
   vqmver    : 1.0
   author    : Oleh Vasylyev  olehvasilyev@gmail.com

File Name    : catalog/model/catalog/product.php(0)
VQModObject::applyMod - SEARCH NOT FOUND (ABORTING MOD): 'tag'              => $query->row['tag'],

----------------------------------------------------------------------


---------- Date: 2015-01-18 13:23:39 ~ IP : 127.0.0.1 ----------
REQUEST URI : /brian/real_dental/Dental/index.php?route=product/category&amp;path=18
MOD DETAILS:
   modFile   : /var/www/html/brian/real_dental/Dental/vqmod/xml/yuotube.xml
   id        : Adds Youtube videos to product pages
   version   : 1.0]
   vqmver    : 1.0
   author    : Oleh Vasylyev  olehvasilyev@gmail.com

File Name    : catalog/model/catalog/product.php(0)
VQModObject::applyMod - SEARCH NOT FOUND (ABORTING MOD): 'tag'              => $query->row['tag'],

----------------------------------------------------------------------


---------- Date: 2015-01-18 13:23:48 ~ IP : 127.0.0.1 ----------
REQUEST URI : /brian/real_dental/Dental/index.php?route=product/product&amp;path=18&amp;product_id=47
MOD DETAILS:
   modFile   : /var/www/html/brian/real_dental/Dental/vqmod/xml/yuotube.xml
   id        : Adds Youtube videos to product pages
   version   : 1.0]
   vqmver    : 1.0
   author    : Oleh Vasylyev  olehvasilyev@gmail.com

File Name    : catalog/model/catalog/product.php(0)
VQModObject::applyMod - SEARCH NOT FOUND (ABORTING MOD): 'tag'              => $query->row['tag'],

----------------------------------------------------------------------


---------- Date: 2015-01-18 13:23:58 ~ IP : 127.0.0.1 ----------
REQUEST URI : /brian/real_dental/Dental/index.php?route=product/product/getRecurringDescription
MOD DETAILS:
   modFile   : /var/www/html/brian/real_dental/Dental/vqmod/xml/yuotube.xml
   id        : Adds Youtube videos to product pages
   version   : 1.0]
   vqmver    : 1.0
   author    : Oleh Vasylyev  olehvasilyev@gmail.com

File Name    : catalog/model/catalog/product.php(0)
VQModObject::applyMod - SEARCH NOT FOUND (ABORTING MOD): 'tag'              => $query->row['tag'],

----------------------------------------------------------------------


---------- Date: 2015-01-18 13:23:58 ~ IP : 127.0.0.1 ----------
REQUEST URI : /brian/real_dental/Dental/index.php?route=bossthemes/cart/add
MOD DETAILS:
   modFile   : /var/www/html/brian/real_dental/Dental/vqmod/xml/yuotube.xml
   id        : Adds Youtube videos to product pages
   version   : 1.0]
   vqmver    : 1.0
   author    : Oleh Vasylyev  olehvasilyev@gmail.com

File Name    : catalog/model/catalog/product.php(0)
VQModObject::applyMod - SEARCH NOT FOUND (ABORTING MOD): 'tag'              => $query->row['tag'],

----------------------------------------------------------------------


---------- Date: 2015-01-18 13:23:58 ~ IP : 127.0.0.1 ----------
REQUEST URI : /brian/real_dental/Dental/index.php?route=bossthemes/cart/add
MOD DETAILS:
   modFile   : /var/www/html/brian/real_dental/Dental/vqmod/xml/yuotube.xml
   id        : Adds Youtube videos to product pages
   version   : 1.0]
   vqmver    : 1.0
   author    : Oleh Vasylyev  olehvasilyev@gmail.com

File Name    : catalog/model/catalog/product.php(0)
VQModObject::applyMod - SEARCH NOT FOUND (ABORTING MOD): 'tag'              => $query->row['tag'],

----------------------------------------------------------------------


---------- Date: 2015-01-18 13:23:58 ~ IP : 127.0.0.1 ----------
REQUEST URI : /brian/real_dental/Dental/index.php?route=bossthemes/cart/add
MOD DETAILS:
   modFile   : /var/www/html/brian/real_dental/Dental/vqmod/xml/yuotube.xml
   id        : Adds Youtube videos to product pages
   version   : 1.0]
   vqmver    : 1.0
   author    : Oleh Vasylyev  olehvasilyev@gmail.com

File Name    : catalog/model/catalog/product.php(0)
VQModObject::applyMod - SEARCH NOT FOUND (ABORTING MOD): 'tag'              => $query->row['tag'],

----------------------------------------------------------------------


---------- Date: 2015-01-18 13:24:14 ~ IP : 127.0.0.1 ----------
REQUEST URI : /brian/real_dental/Dental/index.php?route=bossthemes/cart/add
MOD DETAILS:
   modFile   : /var/www/html/brian/real_dental/Dental/vqmod/xml/yuotube.xml
   id        : Adds Youtube videos to product pages
   version   : 1.0]
   vqmver    : 1.0
   author    : Oleh Vasylyev  olehvasilyev@gmail.com

File Name    : catalog/model/catalog/product.php(0)
VQModObject::applyMod - SEARCH NOT FOUND (ABORTING MOD): 'tag'              => $query->row['tag'],

----------------------------------------------------------------------


---------- Date: 2015-01-18 13:24:23 ~ IP : 127.0.0.1 ----------
REQUEST URI : /brian/real_dental/Dental/index.php?route=checkout/cart
MOD DETAILS:
   modFile   : /var/www/html/brian/real_dental/Dental/vqmod/xml/yuotube.xml
   id        : Adds Youtube videos to product pages
   version   : 1.0]
   vqmver    : 1.0
   author    : Oleh Vasylyev  olehvasilyev@gmail.com

File Name    : catalog/model/catalog/product.php(0)
VQModObject::applyMod - SEARCH NOT FOUND (ABORTING MOD): 'tag'              => $query->row['tag'],

----------------------------------------------------------------------


---------- Date: 2015-01-18 13:24:27 ~ IP : 127.0.0.1 ----------
REQUEST URI : /brian/real_dental/Dental/index.php?route=product/product&amp;path=18&amp;product_id=47
MOD DETAILS:
   modFile   : /var/www/html/brian/real_dental/Dental/vqmod/xml/yuotube.xml
   id        : Adds Youtube videos to product pages
   version   : 1.0]
   vqmver    : 1.0
   author    : Oleh Vasylyev  olehvasilyev@gmail.com

File Name    : catalog/model/catalog/product.php(0)
VQModObject::applyMod - SEARCH NOT FOUND (ABORTING MOD): 'tag'              => $query->row['tag'],

----------------------------------------------------------------------


---------- Date: 2015-01-18 13:24:34 ~ IP : 127.0.0.1 ----------
REQUEST URI : /brian/real_dental/Dental/index.php?route=product/product/getRecurringDescription
MOD DETAILS:
   modFile   : /var/www/html/brian/real_dental/Dental/vqmod/xml/yuotube.xml
   id        : Adds Youtube videos to product pages
   version   : 1.0]
   vqmver    : 1.0
   author    : Oleh Vasylyev  olehvasilyev@gmail.com

File Name    : catalog/model/catalog/product.php(0)
VQModObject::applyMod - SEARCH NOT FOUND (ABORTING MOD): 'tag'              => $query->row['tag'],

----------------------------------------------------------------------


---------- Date: 2015-01-18 13:24:35 ~ IP : 127.0.0.1 ----------
REQUEST URI : /brian/real_dental/Dental/index.php?route=bossthemes/cart/add
MOD DETAILS:
   modFile   : /var/www/html/brian/real_dental/Dental/vqmod/xml/yuotube.xml
   id        : Adds Youtube videos to product pages
   version   : 1.0]
   vqmver    : 1.0
   author    : Oleh Vasylyev  olehvasilyev@gmail.com

File Name    : catalog/model/catalog/product.php(0)
VQModObject::applyMod - SEARCH NOT FOUND (ABORTING MOD): 'tag'              => $query->row['tag'],

----------------------------------------------------------------------


---------- Date: 2015-01-18 13:24:46 ~ IP : 127.0.0.1 ----------
REQUEST URI : /brian/real_dental/Dental/index.php?route=account/account
MOD DETAILS:
   modFile   : /var/www/html/brian/real_dental/Dental/vqmod/xml/yuotube.xml
   id        : Adds Youtube videos to product pages
   version   : 1.0]
   vqmver    : 1.0
   author    : Oleh Vasylyev  olehvasilyev@gmail.com

File Name    : catalog/model/catalog/product.php(0)
VQModObject::applyMod - SEARCH NOT FOUND (ABORTING MOD): 'tag'              => $query->row['tag'],

----------------------------------------------------------------------


---------- Date: 2015-01-18 13:24:49 ~ IP : 127.0.0.1 ----------
REQUEST URI : /brian/real_dental/Dental/index.php?route=checkout/cart
MOD DETAILS:
   modFile   : /var/www/html/brian/real_dental/Dental/vqmod/xml/yuotube.xml
   id        : Adds Youtube videos to product pages
   version   : 1.0]
   vqmver    : 1.0
   author    : Oleh Vasylyev  olehvasilyev@gmail.com

File Name    : catalog/model/catalog/product.php(0)
VQModObject::applyMod - SEARCH NOT FOUND (ABORTING MOD): 'tag'              => $query->row['tag'],

----------------------------------------------------------------------


---------- Date: 2015-01-18 13:24:57 ~ IP : 127.0.0.1 ----------
REQUEST URI : /brian/real_dental/Dental/index.php?route=product/category&amp;path=18
MOD DETAILS:
   modFile   : /var/www/html/brian/real_dental/Dental/vqmod/xml/yuotube.xml
   id        : Adds Youtube videos to product pages
   version   : 1.0]
   vqmver    : 1.0
   author    : Oleh Vasylyev  olehvasilyev@gmail.com

File Name    : catalog/model/catalog/product.php(0)
VQModObject::applyMod - SEARCH NOT FOUND (ABORTING MOD): 'tag'              => $query->row['tag'],

----------------------------------------------------------------------


---------- Date: 2015-01-18 13:25:03 ~ IP : 127.0.0.1 ----------
REQUEST URI : /brian/real_dental/Dental/index.php?route=product/product&amp;path=18&amp;product_id=47
MOD DETAILS:
   modFile   : /var/www/html/brian/real_dental/Dental/vqmod/xml/yuotube.xml
   id        : Adds Youtube videos to product pages
   version   : 1.0]
   vqmver    : 1.0
   author    : Oleh Vasylyev  olehvasilyev@gmail.com

File Name    : catalog/model/catalog/product.php(0)
VQModObject::applyMod - SEARCH NOT FOUND (ABORTING MOD): 'tag'              => $query->row['tag'],

----------------------------------------------------------------------


---------- Date: 2015-01-18 13:25:16 ~ IP : 127.0.0.1 ----------
REQUEST URI : /brian/real_dental/Dental/index.php?route=bossthemes/cart/add
MOD DETAILS:
   modFile   : /var/www/html/brian/real_dental/Dental/vqmod/xml/yuotube.xml
   id        : Adds Youtube videos to product pages
   version   : 1.0]
   vqmver    : 1.0
   author    : Oleh Vasylyev  olehvasilyev@gmail.com

File Name    : catalog/model/catalog/product.php(0)
VQModObject::applyMod - SEARCH NOT FOUND (ABORTING MOD): 'tag'              => $query->row['tag'],

----------------------------------------------------------------------


---------- Date: 2015-01-18 13:25:24 ~ IP : 127.0.0.1 ----------
REQUEST URI : /brian/real_dental/Dental/index.php?route=checkout/checkout
MOD DETAILS:
   modFile   : /var/www/html/brian/real_dental/Dental/vqmod/xml/yuotube.xml
   id        : Adds Youtube videos to product pages
   version   : 1.0]
   vqmver    : 1.0
   author    : Oleh Vasylyev  olehvasilyev@gmail.com

File Name    : catalog/model/catalog/product.php(0)
VQModObject::applyMod - SEARCH NOT FOUND (ABORTING MOD): 'tag'              => $query->row['tag'],

----------------------------------------------------------------------


