---------- Date: 2016-04-11 19:06:06 ~ IP : 127.0.0.1 ----------
REQUEST URI : /index.php?route=account/register
MOD DETAILS:
   modFile   : /home/ali/php/brian/oc/dental_oc2/vqmod/xml/mvrgiecpfcnpj.xml
   id        : Modificar posição dos campos RG|IE / CNPJ|CPF para área de dados pessoais, validação de CPF, CNPJ e CEP e Máscara de Tels, CPF, CNPJ e CEP
   version   : 1.0.7
   vqmver    : 2.3.2
   author    : Ibrahim Brumate

File Name    : catalog/language/portuguese-br/account/register.php(0)
VQModObject::applyMod - SEARCH NOT FOUND (ABORTING MOD): $_['error_exists']         = 'Atenção: Este e-mail já está cadastrado!';

----------------------------------------------------------------------


---------- Date: 2016-04-11 19:38:22 ~ IP : 127.0.0.1 ----------
REQUEST URI : /index.php?route=account/register
MOD DETAILS:
   modFile   : /home/ali/php/brian/oc/dental_oc2/vqmod/xml/mvrgiecpfcnpj.xml
   id        : Modificar posição dos campos RG|IE / CNPJ|CPF para área de dados pessoais, validação de CPF, CNPJ e CEP e Máscara de Tels, CPF, CNPJ e CEP
   version   : 1.0.7
   vqmver    : 2.3.2
   author    : Ibrahim Brumate

File Name    : catalog/language/portuguese-br/account/register.php(0)
VQModObject::applyMod - SEARCH NOT FOUND (ABORTING MOD): $_['error_exists']         = 'Atenção: Este e-mail já está cadastrado!';

----------------------------------------------------------------------


---------- Date: 2016-04-11 19:53:10 ~ IP : 127.0.0.1 ----------
REQUEST URI : /index.php?route=account/register
MOD DETAILS:
   modFile   : /home/ali/php/brian/oc/dental_oc2/vqmod/xml/mvrgiecpfcnpj.xml
   id        : Modificar posição dos campos RG|IE / CNPJ|CPF para área de dados pessoais, validação de CPF, CNPJ e CEP e Máscara de Tels, CPF, CNPJ e CEP
   version   : 1.0.7
   vqmver    : 2.3.2
   author    : Ibrahim Brumate

File Name    : catalog/language/portuguese-br/account/register.php(0)
VQModObject::applyMod - SEARCH NOT FOUND (ABORTING MOD): $_['error_exists']         = 'Atenção: Este e-mail já está cadastrado!';

----------------------------------------------------------------------


---------- Date: 2016-04-11 20:08:45 ~ IP : 127.0.0.1 ----------
REQUEST URI : /index.php?route=account/address/update&amp;address_id=1
MOD DETAILS:
   modFile   : /home/ali/php/brian/oc/dental_oc2/vqmod/xml/mvrgiecpfcnpj.xml
   id        : Modificar posição dos campos RG|IE / CNPJ|CPF para área de dados pessoais, validação de CPF, CNPJ e CEP e Máscara de Tels, CPF, CNPJ e CEP
   version   : 1.0.7
   vqmver    : 2.3.2
   author    : Ibrahim Brumate

File Name    : catalog/view/theme/*/template/account/address_form.tpl(0)
VQModObject::applyMod - SEARCH NOT FOUND (ABORTING MOD): <form action="<?php echo $action; ?>" method="post" enctype="multipart/form-data">

----------------------------------------------------------------------


---------- Date: 2016-04-11 20:09:15 ~ IP : 127.0.0.1 ----------
REQUEST URI : /index.php?route=account/register
MOD DETAILS:
   modFile   : /home/ali/php/brian/oc/dental_oc2/vqmod/xml/mvrgiecpfcnpj.xml
   id        : Modificar posição dos campos RG|IE / CNPJ|CPF para área de dados pessoais, validação de CPF, CNPJ e CEP e Máscara de Tels, CPF, CNPJ e CEP
   version   : 1.0.7
   vqmver    : 2.3.2
   author    : Ibrahim Brumate

File Name    : catalog/language/portuguese-br/account/register.php(0)
VQModObject::applyMod - SEARCH NOT FOUND (ABORTING MOD): $_['error_exists']         = 'Atenção: Este e-mail já está cadastrado!';

----------------------------------------------------------------------


---------- Date: 2016-04-11 20:11:24 ~ IP : 127.0.0.1 ----------
REQUEST URI : /index.php?route=account/register
MOD DETAILS:
   modFile   : /home/ali/php/brian/oc/dental_oc2/vqmod/xml/mvrgiecpfcnpj.xml
   id        : Modificar posição dos campos RG|IE / CNPJ|CPF para área de dados pessoais, validação de CPF, CNPJ e CEP e Máscara de Tels, CPF, CNPJ e CEP
   version   : 1.0.7
   vqmver    : 2.3.2
   author    : Ibrahim Brumate

File Name    : catalog/language/portuguese-br/account/register.php(0)
VQModObject::applyMod - SEARCH NOT FOUND (ABORTING MOD): $_['error_exists']         = 'Atenção: Este e-mail já está cadastrado!';

----------------------------------------------------------------------


---------- Date: 2016-04-11 20:12:42 ~ IP : 127.0.0.1 ----------
REQUEST URI : /index.php?route=account/register
MOD DETAILS:
   modFile   : /home/ali/php/brian/oc/dental_oc2/vqmod/xml/mvrgiecpfcnpj.xml
   id        : Modificar posição dos campos RG|IE / CNPJ|CPF para área de dados pessoais, validação de CPF, CNPJ e CEP e Máscara de Tels, CPF, CNPJ e CEP
   version   : 1.0.7
   vqmver    : 2.3.2
   author    : Ibrahim Brumate

File Name    : catalog/language/portuguese-br/account/register.php(0)
VQModObject::applyMod - SEARCH NOT FOUND (ABORTING MOD): $_['error_exists']         = 'Atenção: Este e-mail já está cadastrado!';

----------------------------------------------------------------------


