---------- Date: 2015-01-13 19:39:39 ~ IP : 127.0.0.1 ----------
REQUEST URI : /brian/real_dental/Dental/
MOD DETAILS:
   modFile   : /var/www/html/brian/real_dental/Dental/vqmod/xml/yuotube.xml
   id        : Adds Youtube videos to product pages
   version   : 1.0]
   vqmver    : 1.0
   author    : Oleh Vasylyev  olehvasilyev@gmail.com

File Name    : catalog/model/catalog/product.php(0)
VQModObject::applyMod - SEARCH NOT FOUND (ABORTING MOD): 'tag'              => $query->row['tag'],

----------------------------------------------------------------------


---------- Date: 2015-01-13 19:39:42 ~ IP : 127.0.0.1 ----------
REQUEST URI : /brian/real_dental/Dental/index.php?route=product/category&amp;path=18
MOD DETAILS:
   modFile   : /var/www/html/brian/real_dental/Dental/vqmod/xml/yuotube.xml
   id        : Adds Youtube videos to product pages
   version   : 1.0]
   vqmver    : 1.0
   author    : Oleh Vasylyev  olehvasilyev@gmail.com

File Name    : catalog/model/catalog/product.php(0)
VQModObject::applyMod - SEARCH NOT FOUND (ABORTING MOD): 'tag'              => $query->row['tag'],

----------------------------------------------------------------------


---------- Date: 2015-01-13 19:39:46 ~ IP : 127.0.0.1 ----------
REQUEST URI : /brian/real_dental/Dental/index.php?route=product/product&amp;path=18&amp;product_id=47
MOD DETAILS:
   modFile   : /var/www/html/brian/real_dental/Dental/vqmod/xml/yuotube.xml
   id        : Adds Youtube videos to product pages
   version   : 1.0]
   vqmver    : 1.0
   author    : Oleh Vasylyev  olehvasilyev@gmail.com

File Name    : catalog/model/catalog/product.php(0)
VQModObject::applyMod - SEARCH NOT FOUND (ABORTING MOD): 'tag'              => $query->row['tag'],

----------------------------------------------------------------------


---------- Date: 2015-01-13 19:39:50 ~ IP : 127.0.0.1 ----------
REQUEST URI : /brian/real_dental/Dental/index.php?route=product/product&amp;path=18&amp;product_id=42
MOD DETAILS:
   modFile   : /var/www/html/brian/real_dental/Dental/vqmod/xml/yuotube.xml
   id        : Adds Youtube videos to product pages
   version   : 1.0]
   vqmver    : 1.0
   author    : Oleh Vasylyev  olehvasilyev@gmail.com

File Name    : catalog/model/catalog/product.php(0)
VQModObject::applyMod - SEARCH NOT FOUND (ABORTING MOD): 'tag'              => $query->row['tag'],

----------------------------------------------------------------------


---------- Date: 2015-01-13 19:52:35 ~ IP : 127.0.0.1 ----------
REQUEST URI : /brian/real_dental/Dental/index.php?route=product/product&amp;path=18&amp;product_id=42
MOD DETAILS:
   modFile   : /var/www/html/brian/real_dental/Dental/vqmod/xml/yuotube.xml
   id        : Adds Youtube videos to product pages
   version   : 1.0]
   vqmver    : 1.0
   author    : Oleh Vasylyev  olehvasilyev@gmail.com

File Name    : catalog/model/catalog/product.php(0)
VQModObject::applyMod - SEARCH NOT FOUND (ABORTING MOD): 'tag'              => $query->row['tag'],

----------------------------------------------------------------------


---------- Date: 2015-01-13 19:53:22 ~ IP : 127.0.0.1 ----------
REQUEST URI : /brian/real_dental/Dental/index.php?route=product/product&amp;path=18&amp;product_id=42
MOD DETAILS:
   modFile   : /var/www/html/brian/real_dental/Dental/vqmod/xml/yuotube.xml
   id        : Adds Youtube videos to product pages
   version   : 1.0]
   vqmver    : 1.0
   author    : Oleh Vasylyev  olehvasilyev@gmail.com

File Name    : catalog/model/catalog/product.php(0)
VQModObject::applyMod - SEARCH NOT FOUND (ABORTING MOD): 'tag'              => $query->row['tag'],

----------------------------------------------------------------------


---------- Date: 2015-01-13 19:53:40 ~ IP : 127.0.0.1 ----------
REQUEST URI : /brian/real_dental/Dental/index.php?route=product/product&amp;path=18&amp;product_id=42
MOD DETAILS:
   modFile   : /var/www/html/brian/real_dental/Dental/vqmod/xml/yuotube.xml
   id        : Adds Youtube videos to product pages
   version   : 1.0]
   vqmver    : 1.0
   author    : Oleh Vasylyev  olehvasilyev@gmail.com

File Name    : catalog/model/catalog/product.php(0)
VQModObject::applyMod - SEARCH NOT FOUND (ABORTING MOD): 'tag'              => $query->row['tag'],

----------------------------------------------------------------------


---------- Date: 2015-01-13 19:59:04 ~ IP : 127.0.0.1 ----------
REQUEST URI : /brian/real_dental/Dental/index.php?route=product/product&amp;path=18&amp;product_id=42
MOD DETAILS:
   modFile   : /var/www/html/brian/real_dental/Dental/vqmod/xml/yuotube.xml
   id        : Adds Youtube videos to product pages
   version   : 1.0]
   vqmver    : 1.0
   author    : Oleh Vasylyev  olehvasilyev@gmail.com

File Name    : catalog/model/catalog/product.php(0)
VQModObject::applyMod - SEARCH NOT FOUND (ABORTING MOD): 'tag'              => $query->row['tag'],

----------------------------------------------------------------------


---------- Date: 2015-01-13 19:59:59 ~ IP : 127.0.0.1 ----------
REQUEST URI : /brian/real_dental/Dental/index.php?route=product/product&amp;path=18&amp;product_id=42
MOD DETAILS:
   modFile   : /var/www/html/brian/real_dental/Dental/vqmod/xml/yuotube.xml
   id        : Adds Youtube videos to product pages
   version   : 1.0]
   vqmver    : 1.0
   author    : Oleh Vasylyev  olehvasilyev@gmail.com

File Name    : catalog/model/catalog/product.php(0)
VQModObject::applyMod - SEARCH NOT FOUND (ABORTING MOD): 'tag'              => $query->row['tag'],

----------------------------------------------------------------------


---------- Date: 2015-01-13 20:00:35 ~ IP : 127.0.0.1 ----------
REQUEST URI : /brian/real_dental/Dental/index.php?route=product/product&amp;path=18&amp;product_id=42
MOD DETAILS:
   modFile   : /var/www/html/brian/real_dental/Dental/vqmod/xml/yuotube.xml
   id        : Adds Youtube videos to product pages
   version   : 1.0]
   vqmver    : 1.0
   author    : Oleh Vasylyev  olehvasilyev@gmail.com

File Name    : catalog/model/catalog/product.php(0)
VQModObject::applyMod - SEARCH NOT FOUND (ABORTING MOD): 'tag'              => $query->row['tag'],

----------------------------------------------------------------------


---------- Date: 2015-01-13 20:00:48 ~ IP : 127.0.0.1 ----------
REQUEST URI : /brian/real_dental/Dental/index.php?route=product/product&amp;path=18&amp;product_id=42
MOD DETAILS:
   modFile   : /var/www/html/brian/real_dental/Dental/vqmod/xml/yuotube.xml
   id        : Adds Youtube videos to product pages
   version   : 1.0]
   vqmver    : 1.0
   author    : Oleh Vasylyev  olehvasilyev@gmail.com

File Name    : catalog/model/catalog/product.php(0)
VQModObject::applyMod - SEARCH NOT FOUND (ABORTING MOD): 'tag'              => $query->row['tag'],

----------------------------------------------------------------------


---------- Date: 2015-01-13 20:01:29 ~ IP : 127.0.0.1 ----------
REQUEST URI : /brian/real_dental/Dental/index.php?route=product/product&amp;path=18&amp;product_id=42
MOD DETAILS:
   modFile   : /var/www/html/brian/real_dental/Dental/vqmod/xml/yuotube.xml
   id        : Adds Youtube videos to product pages
   version   : 1.0]
   vqmver    : 1.0
   author    : Oleh Vasylyev  olehvasilyev@gmail.com

File Name    : catalog/model/catalog/product.php(0)
VQModObject::applyMod - SEARCH NOT FOUND (ABORTING MOD): 'tag'              => $query->row['tag'],

----------------------------------------------------------------------


