---------- Date: 2015-03-18 18:01:52 ~ IP : 127.0.0.1 ----------
REQUEST URI : /brian/real_dental/Dental/index.php?route=product/product&amp;path=18&amp;product_id=52
MOD DETAILS:
   modFile   : /var/www/html/brian/real_dental/Dental/vqmod/xml/yuotube.xml
   id        : Adds Youtube videos to product pages
   version   : 1.0]
   vqmver    : 1.0
   author    : Oleh Vasylyev  olehvasilyev@gmail.com

File Name    : catalog/model/catalog/product.php(0)
VQModObject::applyMod - SEARCH NOT FOUND (ABORTING MOD): 'tag'              => $query->row['tag'],

----------------------------------------------------------------------


---------- Date: 2015-03-18 18:06:43 ~ IP : 127.0.0.1 ----------
REQUEST URI : /brian/real_dental/Dental/index.php?route=product/product&amp;path=18&amp;product_id=52
MOD DETAILS:
   modFile   : /var/www/html/brian/real_dental/Dental/vqmod/xml/yuotube.xml
   id        : Adds Youtube videos to product pages
   version   : 1.0]
   vqmver    : 1.0
   author    : Oleh Vasylyev  olehvasilyev@gmail.com

File Name    : catalog/model/catalog/product.php(0)
VQModObject::applyMod - SEARCH NOT FOUND (ABORTING MOD): 'tag'              => $query->row['tag'],

----------------------------------------------------------------------


---------- Date: 2015-03-18 18:22:41 ~ IP : 127.0.0.1 ----------
REQUEST URI : /brian/real_dental/Dental/index.php?route=product/product&amp;path=18&amp;product_id=52
MOD DETAILS:
   modFile   : /var/www/html/brian/real_dental/Dental/vqmod/xml/yuotube.xml
   id        : Adds Youtube videos to product pages
   version   : 1.0]
   vqmver    : 1.0
   author    : Oleh Vasylyev  olehvasilyev@gmail.com

File Name    : catalog/model/catalog/product.php(0)
VQModObject::applyMod - SEARCH NOT FOUND (ABORTING MOD): 'tag'              => $query->row['tag'],

----------------------------------------------------------------------


---------- Date: 2015-03-18 18:35:58 ~ IP : 127.0.0.1 ----------
REQUEST URI : /brian/real_dental/Dental/index.php?route=product/product&amp;path=18&amp;product_id=52
MOD DETAILS:
   modFile   : /var/www/html/brian/real_dental/Dental/vqmod/xml/yuotube.xml
   id        : Adds Youtube videos to product pages
   version   : 1.0]
   vqmver    : 1.0
   author    : Oleh Vasylyev  olehvasilyev@gmail.com

File Name    : catalog/model/catalog/product.php(0)
VQModObject::applyMod - SEARCH NOT FOUND (ABORTING MOD): 'tag'              => $query->row['tag'],

----------------------------------------------------------------------


---------- Date: 2015-03-18 18:38:17 ~ IP : 127.0.0.1 ----------
REQUEST URI : /brian/real_dental/Dental/index.php?route=product/product&amp;path=18&amp;product_id=52
MOD DETAILS:
   modFile   : /var/www/html/brian/real_dental/Dental/vqmod/xml/yuotube.xml
   id        : Adds Youtube videos to product pages
   version   : 1.0]
   vqmver    : 1.0
   author    : Oleh Vasylyev  olehvasilyev@gmail.com

File Name    : catalog/model/catalog/product.php(0)
VQModObject::applyMod - SEARCH NOT FOUND (ABORTING MOD): 'tag'              => $query->row['tag'],

----------------------------------------------------------------------


---------- Date: 2015-03-18 18:38:55 ~ IP : 127.0.0.1 ----------
REQUEST URI : /brian/real_dental/Dental/index.php?route=product/product&amp;path=18&amp;product_id=52
MOD DETAILS:
   modFile   : /var/www/html/brian/real_dental/Dental/vqmod/xml/yuotube.xml
   id        : Adds Youtube videos to product pages
   version   : 1.0]
   vqmver    : 1.0
   author    : Oleh Vasylyev  olehvasilyev@gmail.com

File Name    : catalog/model/catalog/product.php(0)
VQModObject::applyMod - SEARCH NOT FOUND (ABORTING MOD): 'tag'              => $query->row['tag'],

----------------------------------------------------------------------


---------- Date: 2015-03-18 18:42:08 ~ IP : 127.0.0.1 ----------
REQUEST URI : /brian/real_dental/Dental/index.php?route=product/product&amp;path=18&amp;product_id=52
MOD DETAILS:
   modFile   : /var/www/html/brian/real_dental/Dental/vqmod/xml/yuotube.xml
   id        : Adds Youtube videos to product pages
   version   : 1.0]
   vqmver    : 1.0
   author    : Oleh Vasylyev  olehvasilyev@gmail.com

File Name    : catalog/model/catalog/product.php(0)
VQModObject::applyMod - SEARCH NOT FOUND (ABORTING MOD): 'tag'              => $query->row['tag'],

----------------------------------------------------------------------


---------- Date: 2015-03-18 18:44:29 ~ IP : 127.0.0.1 ----------
REQUEST URI : /brian/real_dental/Dental/index.php?route=product/product&amp;path=18&amp;product_id=52
MOD DETAILS:
   modFile   : /var/www/html/brian/real_dental/Dental/vqmod/xml/yuotube.xml
   id        : Adds Youtube videos to product pages
   version   : 1.0]
   vqmver    : 1.0
   author    : Oleh Vasylyev  olehvasilyev@gmail.com

File Name    : catalog/model/catalog/product.php(0)
VQModObject::applyMod - SEARCH NOT FOUND (ABORTING MOD): 'tag'              => $query->row['tag'],

----------------------------------------------------------------------


---------- Date: 2015-03-18 18:46:13 ~ IP : 127.0.0.1 ----------
REQUEST URI : /brian/real_dental/Dental/index.php?route=product/product&amp;path=18&amp;product_id=52
MOD DETAILS:
   modFile   : /var/www/html/brian/real_dental/Dental/vqmod/xml/yuotube.xml
   id        : Adds Youtube videos to product pages
   version   : 1.0]
   vqmver    : 1.0
   author    : Oleh Vasylyev  olehvasilyev@gmail.com

File Name    : catalog/model/catalog/product.php(0)
VQModObject::applyMod - SEARCH NOT FOUND (ABORTING MOD): 'tag'              => $query->row['tag'],

----------------------------------------------------------------------


---------- Date: 2015-03-18 18:50:27 ~ IP : 127.0.0.1 ----------
REQUEST URI : /brian/real_dental/Dental/index.php?route=product/product&amp;path=18&amp;product_id=52
MOD DETAILS:
   modFile   : /var/www/html/brian/real_dental/Dental/vqmod/xml/yuotube.xml
   id        : Adds Youtube videos to product pages
   version   : 1.0]
   vqmver    : 1.0
   author    : Oleh Vasylyev  olehvasilyev@gmail.com

File Name    : catalog/model/catalog/product.php(0)
VQModObject::applyMod - SEARCH NOT FOUND (ABORTING MOD): 'tag'              => $query->row['tag'],

----------------------------------------------------------------------


---------- Date: 2015-03-18 18:50:54 ~ IP : 127.0.0.1 ----------
REQUEST URI : /brian/real_dental/Dental/index.php?route=product/product&amp;path=18&amp;product_id=52
MOD DETAILS:
   modFile   : /var/www/html/brian/real_dental/Dental/vqmod/xml/yuotube.xml
   id        : Adds Youtube videos to product pages
   version   : 1.0]
   vqmver    : 1.0
   author    : Oleh Vasylyev  olehvasilyev@gmail.com

File Name    : catalog/model/catalog/product.php(0)
VQModObject::applyMod - SEARCH NOT FOUND (ABORTING MOD): 'tag'              => $query->row['tag'],

----------------------------------------------------------------------


