---------- Date: 2015-03-12 18:40:18 ~ IP : 127.0.0.1 ----------
REQUEST URI : /brian/real_dental/Dental/admin/index.php?route=catalog/product&amp;token=1a60f89ef5f6cca6ced9ccfa4252c4dd
MOD DETAILS:
   modFile   : /var/www/html/brian/real_dental/Dental/vqmod/xml/yuotube.xml
   id        : Adds Youtube videos to product pages
   version   : 1.0]
   vqmver    : 1.0
   author    : Oleh Vasylyev  olehvasilyev@gmail.com

File Name    : admin/language/*/catalog/product.php(0)
VQModObject::applyMod - SEARCH NOT FOUND (ABORTING MOD): $_['entry_name']             = 'Product Name:';

----------------------------------------------------------------------


---------- Date: 2015-03-12 18:40:18 ~ IP : 127.0.0.1 ----------
REQUEST URI : /brian/real_dental/Dental/admin/index.php?route=catalog/product&amp;token=1a60f89ef5f6cca6ced9ccfa4252c4dd
MOD DETAILS:
   modFile   : /var/www/html/brian/real_dental/Dental/vqmod/xml/yuotube.xml
   id        : Adds Youtube videos to product pages
   version   : 1.0]
   vqmver    : 1.0
   author    : Oleh Vasylyev  olehvasilyev@gmail.com

File Name    : admin/language/*/catalog/product.php(0)
VQModObject::applyMod - SEARCH NOT FOUND (ABORTING MOD): $_['entry_name']             = 'Product Name:';

----------------------------------------------------------------------


---------- Date: 2015-03-12 18:40:18 ~ IP : 127.0.0.1 ----------
REQUEST URI : /brian/real_dental/Dental/admin/index.php?route=catalog/product&amp;token=1a60f89ef5f6cca6ced9ccfa4252c4dd
MOD DETAILS:
   modFile   : /var/www/html/brian/real_dental/Dental/vqmod/xml/yuotube.xml
   id        : Adds Youtube videos to product pages
   version   : 1.0]
   vqmver    : 1.0
   author    : Oleh Vasylyev  olehvasilyev@gmail.com

File Name    : admin/language/*/catalog/product.php(0)
VQModObject::applyMod - SEARCH NOT FOUND (ABORTING MOD): $_['entry_name']             = 'Product Name:';

----------------------------------------------------------------------


---------- Date: 2015-03-12 18:40:21 ~ IP : 127.0.0.1 ----------
REQUEST URI : /brian/real_dental/Dental/admin/index.php?route=catalog/product/update&amp;token=1a60f89ef5f6cca6ced9ccfa4252c4dd&amp;product_id=51
MOD DETAILS:
   modFile   : /var/www/html/brian/real_dental/Dental/vqmod/xml/yuotube.xml
   id        : Adds Youtube videos to product pages
   version   : 1.0]
   vqmver    : 1.0
   author    : Oleh Vasylyev  olehvasilyev@gmail.com

File Name    : admin/language/*/catalog/product.php(0)
VQModObject::applyMod - SEARCH NOT FOUND (ABORTING MOD): $_['entry_name']             = 'Product Name:';

----------------------------------------------------------------------


---------- Date: 2015-03-12 18:40:26 ~ IP : 127.0.0.1 ----------
REQUEST URI : /brian/real_dental/Dental/admin/index.php?route=catalog/product/update&amp;token=1a60f89ef5f6cca6ced9ccfa4252c4dd&amp;product_id=51
MOD DETAILS:
   modFile   : /var/www/html/brian/real_dental/Dental/vqmod/xml/yuotube.xml
   id        : Adds Youtube videos to product pages
   version   : 1.0]
   vqmver    : 1.0
   author    : Oleh Vasylyev  olehvasilyev@gmail.com

File Name    : admin/language/*/catalog/product.php(0)
VQModObject::applyMod - SEARCH NOT FOUND (ABORTING MOD): $_['entry_name']             = 'Product Name:';

----------------------------------------------------------------------


---------- Date: 2015-03-12 18:40:26 ~ IP : 127.0.0.1 ----------
REQUEST URI : /brian/real_dental/Dental/admin/index.php?route=catalog/product&amp;token=1a60f89ef5f6cca6ced9ccfa4252c4dd
MOD DETAILS:
   modFile   : /var/www/html/brian/real_dental/Dental/vqmod/xml/yuotube.xml
   id        : Adds Youtube videos to product pages
   version   : 1.0]
   vqmver    : 1.0
   author    : Oleh Vasylyev  olehvasilyev@gmail.com

File Name    : admin/language/*/catalog/product.php(0)
VQModObject::applyMod - SEARCH NOT FOUND (ABORTING MOD): $_['entry_name']             = 'Product Name:';

----------------------------------------------------------------------


---------- Date: 2015-03-12 18:40:33 ~ IP : 127.0.0.1 ----------
REQUEST URI : /brian/real_dental/Dental/admin/index.php?route=catalog/product&amp;token=1a60f89ef5f6cca6ced9ccfa4252c4dd
MOD DETAILS:
   modFile   : /var/www/html/brian/real_dental/Dental/vqmod/xml/yuotube.xml
   id        : Adds Youtube videos to product pages
   version   : 1.0]
   vqmver    : 1.0
   author    : Oleh Vasylyev  olehvasilyev@gmail.com

File Name    : admin/language/*/catalog/product.php(0)
VQModObject::applyMod - SEARCH NOT FOUND (ABORTING MOD): $_['entry_name']             = 'Product Name:';

----------------------------------------------------------------------


---------- Date: 2015-03-12 18:41:22 ~ IP : 127.0.0.1 ----------
REQUEST URI : /brian/real_dental/Dental/admin/index.php?route=catalog/product/update&amp;token=1a60f89ef5f6cca6ced9ccfa4252c4dd&amp;product_id=51
MOD DETAILS:
   modFile   : /var/www/html/brian/real_dental/Dental/vqmod/xml/yuotube.xml
   id        : Adds Youtube videos to product pages
   version   : 1.0]
   vqmver    : 1.0
   author    : Oleh Vasylyev  olehvasilyev@gmail.com

File Name    : admin/language/*/catalog/product.php(0)
VQModObject::applyMod - SEARCH NOT FOUND (ABORTING MOD): $_['entry_name']             = 'Product Name:';

----------------------------------------------------------------------


---------- Date: 2015-03-12 18:43:41 ~ IP : 127.0.0.1 ----------
REQUEST URI : /brian/real_dental/Dental/admin/index.php?route=catalog/product/update&amp;token=1a60f89ef5f6cca6ced9ccfa4252c4dd&amp;product_id=51
MOD DETAILS:
   modFile   : /var/www/html/brian/real_dental/Dental/vqmod/xml/yuotube.xml
   id        : Adds Youtube videos to product pages
   version   : 1.0]
   vqmver    : 1.0
   author    : Oleh Vasylyev  olehvasilyev@gmail.com

File Name    : admin/language/*/catalog/product.php(0)
VQModObject::applyMod - SEARCH NOT FOUND (ABORTING MOD): $_['entry_name']             = 'Product Name:';

----------------------------------------------------------------------


---------- Date: 2015-03-12 18:43:52 ~ IP : 127.0.0.1 ----------
REQUEST URI : /brian/real_dental/Dental/admin/index.php?route=catalog/product/update&amp;token=1a60f89ef5f6cca6ced9ccfa4252c4dd&amp;product_id=51
MOD DETAILS:
   modFile   : /var/www/html/brian/real_dental/Dental/vqmod/xml/yuotube.xml
   id        : Adds Youtube videos to product pages
   version   : 1.0]
   vqmver    : 1.0
   author    : Oleh Vasylyev  olehvasilyev@gmail.com

File Name    : admin/language/*/catalog/product.php(0)
VQModObject::applyMod - SEARCH NOT FOUND (ABORTING MOD): $_['entry_name']             = 'Product Name:';

----------------------------------------------------------------------


---------- Date: 2015-03-12 18:44:07 ~ IP : 127.0.0.1 ----------
REQUEST URI : /brian/real_dental/Dental/admin/index.php?route=catalog/product/update&amp;token=1a60f89ef5f6cca6ced9ccfa4252c4dd&amp;product_id=51
MOD DETAILS:
   modFile   : /var/www/html/brian/real_dental/Dental/vqmod/xml/yuotube.xml
   id        : Adds Youtube videos to product pages
   version   : 1.0]
   vqmver    : 1.0
   author    : Oleh Vasylyev  olehvasilyev@gmail.com

File Name    : admin/language/*/catalog/product.php(0)
VQModObject::applyMod - SEARCH NOT FOUND (ABORTING MOD): $_['entry_name']             = 'Product Name:';

----------------------------------------------------------------------


---------- Date: 2015-03-12 18:44:51 ~ IP : 127.0.0.1 ----------
REQUEST URI : /brian/real_dental/Dental/admin/index.php?route=catalog/product&amp;token=1a60f89ef5f6cca6ced9ccfa4252c4dd
MOD DETAILS:
   modFile   : /var/www/html/brian/real_dental/Dental/vqmod/xml/yuotube.xml
   id        : Adds Youtube videos to product pages
   version   : 1.0]
   vqmver    : 1.0
   author    : Oleh Vasylyev  olehvasilyev@gmail.com

File Name    : admin/language/*/catalog/product.php(0)
VQModObject::applyMod - SEARCH NOT FOUND (ABORTING MOD): $_['entry_name']             = 'Product Name:';

----------------------------------------------------------------------


---------- Date: 2015-03-12 18:44:54 ~ IP : 127.0.0.1 ----------
REQUEST URI : /brian/real_dental/Dental/admin/index.php?route=catalog/product/update&amp;token=1a60f89ef5f6cca6ced9ccfa4252c4dd&amp;product_id=51
MOD DETAILS:
   modFile   : /var/www/html/brian/real_dental/Dental/vqmod/xml/yuotube.xml
   id        : Adds Youtube videos to product pages
   version   : 1.0]
   vqmver    : 1.0
   author    : Oleh Vasylyev  olehvasilyev@gmail.com

File Name    : admin/language/*/catalog/product.php(0)
VQModObject::applyMod - SEARCH NOT FOUND (ABORTING MOD): $_['entry_name']             = 'Product Name:';

----------------------------------------------------------------------


---------- Date: 2015-03-12 19:11:42 ~ IP : 127.0.0.1 ----------
REQUEST URI : /brian/real_dental/Dental/admin/index.php?route=catalog/product&amp;token=a39950437834bc7a2f5b98de802451b0
MOD DETAILS:
   modFile   : /var/www/html/brian/real_dental/Dental/vqmod/xml/yuotube.xml
   id        : Adds Youtube videos to product pages
   version   : 1.0]
   vqmver    : 1.0
   author    : Oleh Vasylyev  olehvasilyev@gmail.com

File Name    : admin/language/*/catalog/product.php(0)
VQModObject::applyMod - SEARCH NOT FOUND (ABORTING MOD): $_['entry_name']             = 'Product Name:';

----------------------------------------------------------------------


---------- Date: 2015-03-12 19:11:44 ~ IP : 127.0.0.1 ----------
REQUEST URI : /brian/real_dental/Dental/admin/index.php?route=catalog/product/update&amp;token=a39950437834bc7a2f5b98de802451b0&amp;product_id=51
MOD DETAILS:
   modFile   : /var/www/html/brian/real_dental/Dental/vqmod/xml/yuotube.xml
   id        : Adds Youtube videos to product pages
   version   : 1.0]
   vqmver    : 1.0
   author    : Oleh Vasylyev  olehvasilyev@gmail.com

File Name    : admin/language/*/catalog/product.php(0)
VQModObject::applyMod - SEARCH NOT FOUND (ABORTING MOD): $_['entry_name']             = 'Product Name:';

----------------------------------------------------------------------


---------- Date: 2015-03-12 19:12:08 ~ IP : 127.0.0.1 ----------
REQUEST URI : /brian/real_dental/Dental/admin/index.php?route=catalog/product/update&amp;token=a39950437834bc7a2f5b98de802451b0&amp;product_id=51
MOD DETAILS:
   modFile   : /var/www/html/brian/real_dental/Dental/vqmod/xml/yuotube.xml
   id        : Adds Youtube videos to product pages
   version   : 1.0]
   vqmver    : 1.0
   author    : Oleh Vasylyev  olehvasilyev@gmail.com

File Name    : admin/language/*/catalog/product.php(0)
VQModObject::applyMod - SEARCH NOT FOUND (ABORTING MOD): $_['entry_name']             = 'Product Name:';

----------------------------------------------------------------------


---------- Date: 2015-03-12 19:12:14 ~ IP : 127.0.0.1 ----------
REQUEST URI : /brian/real_dental/Dental/admin/index.php?route=catalog/product/update&amp;token=a39950437834bc7a2f5b98de802451b0&amp;product_id=51
MOD DETAILS:
   modFile   : /var/www/html/brian/real_dental/Dental/vqmod/xml/yuotube.xml
   id        : Adds Youtube videos to product pages
   version   : 1.0]
   vqmver    : 1.0
   author    : Oleh Vasylyev  olehvasilyev@gmail.com

File Name    : admin/language/*/catalog/product.php(0)
VQModObject::applyMod - SEARCH NOT FOUND (ABORTING MOD): $_['entry_name']             = 'Product Name:';

----------------------------------------------------------------------


---------- Date: 2015-03-12 19:12:36 ~ IP : 127.0.0.1 ----------
REQUEST URI : /brian/real_dental/Dental/admin/index.php?route=catalog/product/update&amp;token=a39950437834bc7a2f5b98de802451b0&amp;product_id=51
MOD DETAILS:
   modFile   : /var/www/html/brian/real_dental/Dental/vqmod/xml/yuotube.xml
   id        : Adds Youtube videos to product pages
   version   : 1.0]
   vqmver    : 1.0
   author    : Oleh Vasylyev  olehvasilyev@gmail.com

File Name    : admin/language/*/catalog/product.php(0)
VQModObject::applyMod - SEARCH NOT FOUND (ABORTING MOD): $_['entry_name']             = 'Product Name:';

----------------------------------------------------------------------


---------- Date: 2015-03-12 19:22:24 ~ IP : 127.0.0.1 ----------
REQUEST URI : /brian/real_dental/Dental/admin/index.php?route=catalog/product/update&amp;token=a39950437834bc7a2f5b98de802451b0&amp;product_id=51
MOD DETAILS:
   modFile   : /var/www/html/brian/real_dental/Dental/vqmod/xml/yuotube.xml
   id        : Adds Youtube videos to product pages
   version   : 1.0]
   vqmver    : 1.0
   author    : Oleh Vasylyev  olehvasilyev@gmail.com

File Name    : admin/language/*/catalog/product.php(0)
VQModObject::applyMod - SEARCH NOT FOUND (ABORTING MOD): $_['entry_name']             = 'Product Name:';

----------------------------------------------------------------------


---------- Date: 2015-03-12 19:24:47 ~ IP : 127.0.0.1 ----------
REQUEST URI : /brian/real_dental/Dental/admin/index.php?route=catalog/product/update&amp;token=a39950437834bc7a2f5b98de802451b0&amp;product_id=51
MOD DETAILS:
   modFile   : /var/www/html/brian/real_dental/Dental/vqmod/xml/yuotube.xml
   id        : Adds Youtube videos to product pages
   version   : 1.0]
   vqmver    : 1.0
   author    : Oleh Vasylyev  olehvasilyev@gmail.com

File Name    : admin/language/*/catalog/product.php(0)
VQModObject::applyMod - SEARCH NOT FOUND (ABORTING MOD): $_['entry_name']             = 'Product Name:';

----------------------------------------------------------------------


---------- Date: 2015-03-12 19:26:28 ~ IP : 127.0.0.1 ----------
REQUEST URI : /brian/real_dental/Dental/admin/index.php?route=catalog/product/update&amp;token=a39950437834bc7a2f5b98de802451b0&amp;product_id=51
MOD DETAILS:
   modFile   : /var/www/html/brian/real_dental/Dental/vqmod/xml/yuotube.xml
   id        : Adds Youtube videos to product pages
   version   : 1.0]
   vqmver    : 1.0
   author    : Oleh Vasylyev  olehvasilyev@gmail.com

File Name    : admin/language/*/catalog/product.php(0)
VQModObject::applyMod - SEARCH NOT FOUND (ABORTING MOD): $_['entry_name']             = 'Product Name:';

----------------------------------------------------------------------


---------- Date: 2015-03-12 19:33:34 ~ IP : 127.0.0.1 ----------
REQUEST URI : /brian/real_dental/Dental/admin/index.php?route=catalog/product/update&amp;token=a39950437834bc7a2f5b98de802451b0&amp;product_id=51
MOD DETAILS:
   modFile   : /var/www/html/brian/real_dental/Dental/vqmod/xml/yuotube.xml
   id        : Adds Youtube videos to product pages
   version   : 1.0]
   vqmver    : 1.0
   author    : Oleh Vasylyev  olehvasilyev@gmail.com

File Name    : admin/language/*/catalog/product.php(0)
VQModObject::applyMod - SEARCH NOT FOUND (ABORTING MOD): $_['entry_name']             = 'Product Name:';

----------------------------------------------------------------------


---------- Date: 2015-03-12 19:33:41 ~ IP : 127.0.0.1 ----------
REQUEST URI : /brian/real_dental/Dental/admin/index.php?route=catalog/product&amp;token=a39950437834bc7a2f5b98de802451b0
MOD DETAILS:
   modFile   : /var/www/html/brian/real_dental/Dental/vqmod/xml/yuotube.xml
   id        : Adds Youtube videos to product pages
   version   : 1.0]
   vqmver    : 1.0
   author    : Oleh Vasylyev  olehvasilyev@gmail.com

File Name    : admin/language/*/catalog/product.php(0)
VQModObject::applyMod - SEARCH NOT FOUND (ABORTING MOD): $_['entry_name']             = 'Product Name:';

----------------------------------------------------------------------


---------- Date: 2015-03-12 19:33:43 ~ IP : 127.0.0.1 ----------
REQUEST URI : /brian/real_dental/Dental/admin/index.php?route=catalog/product/update&amp;token=a39950437834bc7a2f5b98de802451b0&amp;product_id=51
MOD DETAILS:
   modFile   : /var/www/html/brian/real_dental/Dental/vqmod/xml/yuotube.xml
   id        : Adds Youtube videos to product pages
   version   : 1.0]
   vqmver    : 1.0
   author    : Oleh Vasylyev  olehvasilyev@gmail.com

File Name    : admin/language/*/catalog/product.php(0)
VQModObject::applyMod - SEARCH NOT FOUND (ABORTING MOD): $_['entry_name']             = 'Product Name:';

----------------------------------------------------------------------


---------- Date: 2015-03-12 19:35:59 ~ IP : 127.0.0.1 ----------
REQUEST URI : /brian/real_dental/Dental/admin/index.php?route=catalog/product/update&amp;token=a39950437834bc7a2f5b98de802451b0&amp;product_id=51
MOD DETAILS:
   modFile   : /var/www/html/brian/real_dental/Dental/vqmod/xml/yuotube.xml
   id        : Adds Youtube videos to product pages
   version   : 1.0]
   vqmver    : 1.0
   author    : Oleh Vasylyev  olehvasilyev@gmail.com

File Name    : admin/language/*/catalog/product.php(0)
VQModObject::applyMod - SEARCH NOT FOUND (ABORTING MOD): $_['entry_name']             = 'Product Name:';

----------------------------------------------------------------------


---------- Date: 2015-03-12 19:39:00 ~ IP : 127.0.0.1 ----------
REQUEST URI : /brian/real_dental/Dental/admin/index.php?route=catalog/product/update&amp;token=a39950437834bc7a2f5b98de802451b0&amp;product_id=51
MOD DETAILS:
   modFile   : /var/www/html/brian/real_dental/Dental/vqmod/xml/yuotube.xml
   id        : Adds Youtube videos to product pages
   version   : 1.0]
   vqmver    : 1.0
   author    : Oleh Vasylyev  olehvasilyev@gmail.com

File Name    : admin/language/*/catalog/product.php(0)
VQModObject::applyMod - SEARCH NOT FOUND (ABORTING MOD): $_['entry_name']             = 'Product Name:';

----------------------------------------------------------------------


---------- Date: 2015-03-12 19:39:49 ~ IP : 127.0.0.1 ----------
REQUEST URI : /brian/real_dental/Dental/admin/index.php?route=catalog/product/update&amp;token=a39950437834bc7a2f5b98de802451b0&amp;product_id=51
MOD DETAILS:
   modFile   : /var/www/html/brian/real_dental/Dental/vqmod/xml/yuotube.xml
   id        : Adds Youtube videos to product pages
   version   : 1.0]
   vqmver    : 1.0
   author    : Oleh Vasylyev  olehvasilyev@gmail.com

File Name    : admin/language/*/catalog/product.php(0)
VQModObject::applyMod - SEARCH NOT FOUND (ABORTING MOD): $_['entry_name']             = 'Product Name:';

----------------------------------------------------------------------


