---------- Date: 2015-03-21 16:30:14 ~ IP : 127.0.0.1 ----------
REQUEST URI : /brian/real_dental/Dental/
MOD DETAILS:
   modFile   : /var/www/html/brian/real_dental/Dental/vqmod/xml/yuotube.xml
   id        : Adds Youtube videos to product pages
   version   : 1.0]
   vqmver    : 1.0
   author    : Oleh Vasylyev  olehvasilyev@gmail.com

File Name    : catalog/model/catalog/product.php(0)
VQModObject::applyMod - SEARCH NOT FOUND (ABORTING MOD): 'tag'              => $query->row['tag'],

----------------------------------------------------------------------


---------- Date: 2015-03-21 16:30:15 ~ IP : 127.0.0.1 ----------
REQUEST URI : /brian/real_dental/Dental/
MOD DETAILS:
   modFile   : /var/www/html/brian/real_dental/Dental/vqmod/xml/yuotube.xml
   id        : Adds Youtube videos to product pages
   version   : 1.0]
   vqmver    : 1.0
   author    : Oleh Vasylyev  olehvasilyev@gmail.com

File Name    : catalog/model/catalog/product.php(0)
VQModObject::applyMod - SEARCH NOT FOUND (ABORTING MOD): 'tag'              => $query->row['tag'],

----------------------------------------------------------------------


---------- Date: 2015-03-21 16:30:31 ~ IP : 127.0.0.1 ----------
REQUEST URI : /brian/real_dental/Dental/index.php?route=product/product&amp;path=18&amp;product_id=52
MOD DETAILS:
   modFile   : /var/www/html/brian/real_dental/Dental/vqmod/xml/yuotube.xml
   id        : Adds Youtube videos to product pages
   version   : 1.0]
   vqmver    : 1.0
   author    : Oleh Vasylyev  olehvasilyev@gmail.com

File Name    : catalog/model/catalog/product.php(0)
VQModObject::applyMod - SEARCH NOT FOUND (ABORTING MOD): 'tag'              => $query->row['tag'],

----------------------------------------------------------------------


---------- Date: 2015-03-21 16:34:46 ~ IP : 127.0.0.1 ----------
REQUEST URI : /brian/real_dental/Dental/index.php?route=product/product&amp;path=18&amp;product_id=52
MOD DETAILS:
   modFile   : /var/www/html/brian/real_dental/Dental/vqmod/xml/yuotube.xml
   id        : Adds Youtube videos to product pages
   version   : 1.0]
   vqmver    : 1.0
   author    : Oleh Vasylyev  olehvasilyev@gmail.com

File Name    : catalog/model/catalog/product.php(0)
VQModObject::applyMod - SEARCH NOT FOUND (ABORTING MOD): 'tag'              => $query->row['tag'],

----------------------------------------------------------------------


---------- Date: 2015-03-21 16:36:20 ~ IP : 127.0.0.1 ----------
REQUEST URI : /brian/real_dental/Dental/index.php?route=bossthemes/cart/add
MOD DETAILS:
   modFile   : /var/www/html/brian/real_dental/Dental/vqmod/xml/yuotube.xml
   id        : Adds Youtube videos to product pages
   version   : 1.0]
   vqmver    : 1.0
   author    : Oleh Vasylyev  olehvasilyev@gmail.com

File Name    : catalog/model/catalog/product.php(0)
VQModObject::applyMod - SEARCH NOT FOUND (ABORTING MOD): 'tag'              => $query->row['tag'],

----------------------------------------------------------------------


---------- Date: 2015-03-21 16:38:52 ~ IP : 127.0.0.1 ----------
REQUEST URI : /brian/real_dental/Dental/index.php?route=product/product&amp;path=18&amp;product_id=52
MOD DETAILS:
   modFile   : /var/www/html/brian/real_dental/Dental/vqmod/xml/yuotube.xml
   id        : Adds Youtube videos to product pages
   version   : 1.0]
   vqmver    : 1.0
   author    : Oleh Vasylyev  olehvasilyev@gmail.com

File Name    : catalog/model/catalog/product.php(0)
VQModObject::applyMod - SEARCH NOT FOUND (ABORTING MOD): 'tag'              => $query->row['tag'],

----------------------------------------------------------------------


---------- Date: 2015-03-21 16:39:14 ~ IP : 127.0.0.1 ----------
REQUEST URI : /brian/real_dental/Dental/index.php?route=product/product&amp;path=18&amp;product_id=52
MOD DETAILS:
   modFile   : /var/www/html/brian/real_dental/Dental/vqmod/xml/yuotube.xml
   id        : Adds Youtube videos to product pages
   version   : 1.0]
   vqmver    : 1.0
   author    : Oleh Vasylyev  olehvasilyev@gmail.com

File Name    : catalog/model/catalog/product.php(0)
VQModObject::applyMod - SEARCH NOT FOUND (ABORTING MOD): 'tag'              => $query->row['tag'],

----------------------------------------------------------------------


---------- Date: 2015-03-21 16:39:34 ~ IP : 127.0.0.1 ----------
REQUEST URI : /brian/real_dental/Dental/index.php?route=product/product&amp;path=18&amp;product_id=52
MOD DETAILS:
   modFile   : /var/www/html/brian/real_dental/Dental/vqmod/xml/yuotube.xml
   id        : Adds Youtube videos to product pages
   version   : 1.0]
   vqmver    : 1.0
   author    : Oleh Vasylyev  olehvasilyev@gmail.com

File Name    : catalog/model/catalog/product.php(0)
VQModObject::applyMod - SEARCH NOT FOUND (ABORTING MOD): 'tag'              => $query->row['tag'],

----------------------------------------------------------------------


---------- Date: 2015-03-21 16:53:56 ~ IP : 127.0.0.1 ----------
REQUEST URI : /brian/real_dental/Dental/index.php?route=product/product&amp;path=18&amp;product_id=52
MOD DETAILS:
   modFile   : /var/www/html/brian/real_dental/Dental/vqmod/xml/yuotube.xml
   id        : Adds Youtube videos to product pages
   version   : 1.0]
   vqmver    : 1.0
   author    : Oleh Vasylyev  olehvasilyev@gmail.com

File Name    : catalog/model/catalog/product.php(0)
VQModObject::applyMod - SEARCH NOT FOUND (ABORTING MOD): 'tag'              => $query->row['tag'],

----------------------------------------------------------------------


---------- Date: 2015-03-21 16:55:01 ~ IP : 127.0.0.1 ----------
REQUEST URI : /brian/real_dental/Dental/index.php?route=product/product&amp;path=18&amp;product_id=52
MOD DETAILS:
   modFile   : /var/www/html/brian/real_dental/Dental/vqmod/xml/yuotube.xml
   id        : Adds Youtube videos to product pages
   version   : 1.0]
   vqmver    : 1.0
   author    : Oleh Vasylyev  olehvasilyev@gmail.com

File Name    : catalog/model/catalog/product.php(0)
VQModObject::applyMod - SEARCH NOT FOUND (ABORTING MOD): 'tag'              => $query->row['tag'],

----------------------------------------------------------------------


---------- Date: 2015-03-21 16:55:22 ~ IP : 127.0.0.1 ----------
REQUEST URI : /brian/real_dental/Dental/index.php?route=product/product&amp;path=18&amp;product_id=52
MOD DETAILS:
   modFile   : /var/www/html/brian/real_dental/Dental/vqmod/xml/yuotube.xml
   id        : Adds Youtube videos to product pages
   version   : 1.0]
   vqmver    : 1.0
   author    : Oleh Vasylyev  olehvasilyev@gmail.com

File Name    : catalog/model/catalog/product.php(0)
VQModObject::applyMod - SEARCH NOT FOUND (ABORTING MOD): 'tag'              => $query->row['tag'],

----------------------------------------------------------------------


---------- Date: 2015-03-21 16:55:34 ~ IP : 127.0.0.1 ----------
REQUEST URI : /brian/real_dental/Dental/index.php?route=product/product&amp;path=18&amp;product_id=52
MOD DETAILS:
   modFile   : /var/www/html/brian/real_dental/Dental/vqmod/xml/yuotube.xml
   id        : Adds Youtube videos to product pages
   version   : 1.0]
   vqmver    : 1.0
   author    : Oleh Vasylyev  olehvasilyev@gmail.com

File Name    : catalog/model/catalog/product.php(0)
VQModObject::applyMod - SEARCH NOT FOUND (ABORTING MOD): 'tag'              => $query->row['tag'],

----------------------------------------------------------------------


---------- Date: 2015-03-21 16:56:07 ~ IP : 127.0.0.1 ----------
REQUEST URI : /brian/real_dental/Dental/index.php?route=product/product&amp;path=18&amp;product_id=52
MOD DETAILS:
   modFile   : /var/www/html/brian/real_dental/Dental/vqmod/xml/yuotube.xml
   id        : Adds Youtube videos to product pages
   version   : 1.0]
   vqmver    : 1.0
   author    : Oleh Vasylyev  olehvasilyev@gmail.com

File Name    : catalog/model/catalog/product.php(0)
VQModObject::applyMod - SEARCH NOT FOUND (ABORTING MOD): 'tag'              => $query->row['tag'],

----------------------------------------------------------------------


---------- Date: 2015-03-21 16:56:36 ~ IP : 127.0.0.1 ----------
REQUEST URI : /brian/real_dental/Dental/index.php?route=product/product&amp;path=18&amp;product_id=52
MOD DETAILS:
   modFile   : /var/www/html/brian/real_dental/Dental/vqmod/xml/yuotube.xml
   id        : Adds Youtube videos to product pages
   version   : 1.0]
   vqmver    : 1.0
   author    : Oleh Vasylyev  olehvasilyev@gmail.com

File Name    : catalog/model/catalog/product.php(0)
VQModObject::applyMod - SEARCH NOT FOUND (ABORTING MOD): 'tag'              => $query->row['tag'],

----------------------------------------------------------------------


---------- Date: 2015-03-21 16:57:25 ~ IP : 127.0.0.1 ----------
REQUEST URI : /brian/real_dental/Dental/index.php?route=product/product&amp;path=18&amp;product_id=52
MOD DETAILS:
   modFile   : /var/www/html/brian/real_dental/Dental/vqmod/xml/yuotube.xml
   id        : Adds Youtube videos to product pages
   version   : 1.0]
   vqmver    : 1.0
   author    : Oleh Vasylyev  olehvasilyev@gmail.com

File Name    : catalog/model/catalog/product.php(0)
VQModObject::applyMod - SEARCH NOT FOUND (ABORTING MOD): 'tag'              => $query->row['tag'],

----------------------------------------------------------------------


---------- Date: 2015-03-21 16:57:38 ~ IP : 127.0.0.1 ----------
REQUEST URI : /brian/real_dental/Dental/index.php?route=product/product&amp;path=18&amp;product_id=52
MOD DETAILS:
   modFile   : /var/www/html/brian/real_dental/Dental/vqmod/xml/yuotube.xml
   id        : Adds Youtube videos to product pages
   version   : 1.0]
   vqmver    : 1.0
   author    : Oleh Vasylyev  olehvasilyev@gmail.com

File Name    : catalog/model/catalog/product.php(0)
VQModObject::applyMod - SEARCH NOT FOUND (ABORTING MOD): 'tag'              => $query->row['tag'],

----------------------------------------------------------------------


---------- Date: 2015-03-21 17:00:06 ~ IP : 127.0.0.1 ----------
REQUEST URI : /brian/real_dental/Dental/index.php?route=product/product&amp;path=18&amp;product_id=52
MOD DETAILS:
   modFile   : /var/www/html/brian/real_dental/Dental/vqmod/xml/yuotube.xml
   id        : Adds Youtube videos to product pages
   version   : 1.0]
   vqmver    : 1.0
   author    : Oleh Vasylyev  olehvasilyev@gmail.com

File Name    : catalog/model/catalog/product.php(0)
VQModObject::applyMod - SEARCH NOT FOUND (ABORTING MOD): 'tag'              => $query->row['tag'],

----------------------------------------------------------------------


---------- Date: 2015-03-21 17:00:46 ~ IP : 127.0.0.1 ----------
REQUEST URI : /brian/real_dental/Dental/index.php?route=product/product&amp;path=18&amp;product_id=52
MOD DETAILS:
   modFile   : /var/www/html/brian/real_dental/Dental/vqmod/xml/yuotube.xml
   id        : Adds Youtube videos to product pages
   version   : 1.0]
   vqmver    : 1.0
   author    : Oleh Vasylyev  olehvasilyev@gmail.com

File Name    : catalog/model/catalog/product.php(0)
VQModObject::applyMod - SEARCH NOT FOUND (ABORTING MOD): 'tag'              => $query->row['tag'],

----------------------------------------------------------------------


---------- Date: 2015-03-21 17:04:15 ~ IP : 127.0.0.1 ----------
REQUEST URI : /brian/real_dental/Dental/index.php?route=product/product&amp;path=18&amp;product_id=52
MOD DETAILS:
   modFile   : /var/www/html/brian/real_dental/Dental/vqmod/xml/yuotube.xml
   id        : Adds Youtube videos to product pages
   version   : 1.0]
   vqmver    : 1.0
   author    : Oleh Vasylyev  olehvasilyev@gmail.com

File Name    : catalog/model/catalog/product.php(0)
VQModObject::applyMod - SEARCH NOT FOUND (ABORTING MOD): 'tag'              => $query->row['tag'],

----------------------------------------------------------------------


---------- Date: 2015-03-21 17:06:44 ~ IP : 127.0.0.1 ----------
REQUEST URI : /brian/real_dental/Dental/index.php?route=product/product&amp;path=18&amp;product_id=52
MOD DETAILS:
   modFile   : /var/www/html/brian/real_dental/Dental/vqmod/xml/yuotube.xml
   id        : Adds Youtube videos to product pages
   version   : 1.0]
   vqmver    : 1.0
   author    : Oleh Vasylyev  olehvasilyev@gmail.com

File Name    : catalog/model/catalog/product.php(0)
VQModObject::applyMod - SEARCH NOT FOUND (ABORTING MOD): 'tag'              => $query->row['tag'],

----------------------------------------------------------------------


---------- Date: 2015-03-21 17:08:33 ~ IP : 127.0.0.1 ----------
REQUEST URI : /brian/real_dental/Dental/index.php?route=product/product&amp;path=18&amp;product_id=52
MOD DETAILS:
   modFile   : /var/www/html/brian/real_dental/Dental/vqmod/xml/yuotube.xml
   id        : Adds Youtube videos to product pages
   version   : 1.0]
   vqmver    : 1.0
   author    : Oleh Vasylyev  olehvasilyev@gmail.com

File Name    : catalog/model/catalog/product.php(0)
VQModObject::applyMod - SEARCH NOT FOUND (ABORTING MOD): 'tag'              => $query->row['tag'],

----------------------------------------------------------------------


---------- Date: 2015-03-21 17:18:13 ~ IP : 127.0.0.1 ----------
REQUEST URI : /brian/real_dental/Dental/index.php?route=account/account
MOD DETAILS:
   modFile   : /var/www/html/brian/real_dental/Dental/vqmod/xml/yuotube.xml
   id        : Adds Youtube videos to product pages
   version   : 1.0]
   vqmver    : 1.0
   author    : Oleh Vasylyev  olehvasilyev@gmail.com

File Name    : catalog/model/catalog/product.php(0)
VQModObject::applyMod - SEARCH NOT FOUND (ABORTING MOD): 'tag'              => $query->row['tag'],

----------------------------------------------------------------------


---------- Date: 2015-03-21 17:18:17 ~ IP : 127.0.0.1 ----------
REQUEST URI : /brian/real_dental/Dental/index.php?route=product/product&amp;path=18&amp;product_id=52
MOD DETAILS:
   modFile   : /var/www/html/brian/real_dental/Dental/vqmod/xml/yuotube.xml
   id        : Adds Youtube videos to product pages
   version   : 1.0]
   vqmver    : 1.0
   author    : Oleh Vasylyev  olehvasilyev@gmail.com

File Name    : catalog/model/catalog/product.php(0)
VQModObject::applyMod - SEARCH NOT FOUND (ABORTING MOD): 'tag'              => $query->row['tag'],

----------------------------------------------------------------------


---------- Date: 2015-03-21 17:18:47 ~ IP : 127.0.0.1 ----------
REQUEST URI : /brian/real_dental/Dental/index.php?route=bossthemes/cart/add
MOD DETAILS:
   modFile   : /var/www/html/brian/real_dental/Dental/vqmod/xml/yuotube.xml
   id        : Adds Youtube videos to product pages
   version   : 1.0]
   vqmver    : 1.0
   author    : Oleh Vasylyev  olehvasilyev@gmail.com

File Name    : catalog/model/catalog/product.php(0)
VQModObject::applyMod - SEARCH NOT FOUND (ABORTING MOD): 'tag'              => $query->row['tag'],

----------------------------------------------------------------------


---------- Date: 2015-03-21 17:18:53 ~ IP : 127.0.0.1 ----------
REQUEST URI : /brian/real_dental/Dental/index.php?route=product/product&amp;path=18&amp;product_id=52
MOD DETAILS:
   modFile   : /var/www/html/brian/real_dental/Dental/vqmod/xml/yuotube.xml
   id        : Adds Youtube videos to product pages
   version   : 1.0]
   vqmver    : 1.0
   author    : Oleh Vasylyev  olehvasilyev@gmail.com

File Name    : catalog/model/catalog/product.php(0)
VQModObject::applyMod - SEARCH NOT FOUND (ABORTING MOD): 'tag'              => $query->row['tag'],

----------------------------------------------------------------------


---------- Date: 2015-03-21 17:19:01 ~ IP : 127.0.0.1 ----------
REQUEST URI : /brian/real_dental/Dental/index.php?route=product/product&amp;path=18&amp;product_id=52
MOD DETAILS:
   modFile   : /var/www/html/brian/real_dental/Dental/vqmod/xml/yuotube.xml
   id        : Adds Youtube videos to product pages
   version   : 1.0]
   vqmver    : 1.0
   author    : Oleh Vasylyev  olehvasilyev@gmail.com

File Name    : catalog/model/catalog/product.php(0)
VQModObject::applyMod - SEARCH NOT FOUND (ABORTING MOD): 'tag'              => $query->row['tag'],

----------------------------------------------------------------------


---------- Date: 2015-03-21 17:19:08 ~ IP : 127.0.0.1 ----------
REQUEST URI : /brian/real_dental/Dental/index.php?route=product/product&amp;path=18&amp;product_id=52
MOD DETAILS:
   modFile   : /var/www/html/brian/real_dental/Dental/vqmod/xml/yuotube.xml
   id        : Adds Youtube videos to product pages
   version   : 1.0]
   vqmver    : 1.0
   author    : Oleh Vasylyev  olehvasilyev@gmail.com

File Name    : catalog/model/catalog/product.php(0)
VQModObject::applyMod - SEARCH NOT FOUND (ABORTING MOD): 'tag'              => $query->row['tag'],

----------------------------------------------------------------------


---------- Date: 2015-03-21 17:21:13 ~ IP : 127.0.0.1 ----------
REQUEST URI : /brian/real_dental/Dental/index.php?route=bossthemes/cart/add
MOD DETAILS:
   modFile   : /var/www/html/brian/real_dental/Dental/vqmod/xml/yuotube.xml
   id        : Adds Youtube videos to product pages
   version   : 1.0]
   vqmver    : 1.0
   author    : Oleh Vasylyev  olehvasilyev@gmail.com

File Name    : catalog/model/catalog/product.php(0)
VQModObject::applyMod - SEARCH NOT FOUND (ABORTING MOD): 'tag'              => $query->row['tag'],

----------------------------------------------------------------------


---------- Date: 2015-03-21 17:21:19 ~ IP : 127.0.0.1 ----------
REQUEST URI : /brian/real_dental/Dental/index.php?route=bossthemes/cart/add
MOD DETAILS:
   modFile   : /var/www/html/brian/real_dental/Dental/vqmod/xml/yuotube.xml
   id        : Adds Youtube videos to product pages
   version   : 1.0]
   vqmver    : 1.0
   author    : Oleh Vasylyev  olehvasilyev@gmail.com

File Name    : catalog/model/catalog/product.php(0)
VQModObject::applyMod - SEARCH NOT FOUND (ABORTING MOD): 'tag'              => $query->row['tag'],

----------------------------------------------------------------------


---------- Date: 2015-03-21 17:21:22 ~ IP : 127.0.0.1 ----------
REQUEST URI : /brian/real_dental/Dental/index.php?route=account/wishlist
MOD DETAILS:
   modFile   : /var/www/html/brian/real_dental/Dental/vqmod/xml/yuotube.xml
   id        : Adds Youtube videos to product pages
   version   : 1.0]
   vqmver    : 1.0
   author    : Oleh Vasylyev  olehvasilyev@gmail.com

File Name    : catalog/model/catalog/product.php(0)
VQModObject::applyMod - SEARCH NOT FOUND (ABORTING MOD): 'tag'              => $query->row['tag'],

----------------------------------------------------------------------


---------- Date: 2015-03-21 17:21:25 ~ IP : 127.0.0.1 ----------
REQUEST URI : /brian/real_dental/Dental/index.php?route=product/product&amp;path=18&amp;product_id=52
MOD DETAILS:
   modFile   : /var/www/html/brian/real_dental/Dental/vqmod/xml/yuotube.xml
   id        : Adds Youtube videos to product pages
   version   : 1.0]
   vqmver    : 1.0
   author    : Oleh Vasylyev  olehvasilyev@gmail.com

File Name    : catalog/model/catalog/product.php(0)
VQModObject::applyMod - SEARCH NOT FOUND (ABORTING MOD): 'tag'              => $query->row['tag'],

----------------------------------------------------------------------


---------- Date: 2015-03-21 17:21:54 ~ IP : 127.0.0.1 ----------
REQUEST URI : /brian/real_dental/Dental/index.php?route=product/product&amp;path=18&amp;product_id=52
MOD DETAILS:
   modFile   : /var/www/html/brian/real_dental/Dental/vqmod/xml/yuotube.xml
   id        : Adds Youtube videos to product pages
   version   : 1.0]
   vqmver    : 1.0
   author    : Oleh Vasylyev  olehvasilyev@gmail.com

File Name    : catalog/model/catalog/product.php(0)
VQModObject::applyMod - SEARCH NOT FOUND (ABORTING MOD): 'tag'              => $query->row['tag'],

----------------------------------------------------------------------


---------- Date: 2015-03-21 17:24:12 ~ IP : 127.0.0.1 ----------
REQUEST URI : /brian/real_dental/Dental/admin/index.php?route=catalog/product&amp;token=9cf2e973bcc4f704a751a62642280f1f
MOD DETAILS:
   modFile   : /var/www/html/brian/real_dental/Dental/vqmod/xml/yuotube.xml
   id        : Adds Youtube videos to product pages
   version   : 1.0]
   vqmver    : 1.0
   author    : Oleh Vasylyev  olehvasilyev@gmail.com

File Name    : admin/language/*/catalog/product.php(0)
VQModObject::applyMod - SEARCH NOT FOUND (ABORTING MOD): $_['entry_name']             = 'Product Name:';

----------------------------------------------------------------------


---------- Date: 2015-03-21 17:25:53 ~ IP : 127.0.0.1 ----------
REQUEST URI : /brian/real_dental/Dental/admin/index.php?route=catalog/product/update&amp;token=9cf2e973bcc4f704a751a62642280f1f&amp;product_id=52
MOD DETAILS:
   modFile   : /var/www/html/brian/real_dental/Dental/vqmod/xml/yuotube.xml
   id        : Adds Youtube videos to product pages
   version   : 1.0]
   vqmver    : 1.0
   author    : Oleh Vasylyev  olehvasilyev@gmail.com

File Name    : admin/language/*/catalog/product.php(0)
VQModObject::applyMod - SEARCH NOT FOUND (ABORTING MOD): $_['entry_name']             = 'Product Name:';

----------------------------------------------------------------------


---------- Date: 2015-03-21 17:30:49 ~ IP : 127.0.0.1 ----------
REQUEST URI : /brian/real_dental/Dental/index.php?route=product/product&amp;path=18&amp;product_id=52
MOD DETAILS:
   modFile   : /var/www/html/brian/real_dental/Dental/vqmod/xml/yuotube.xml
   id        : Adds Youtube videos to product pages
   version   : 1.0]
   vqmver    : 1.0
   author    : Oleh Vasylyev  olehvasilyev@gmail.com

File Name    : catalog/model/catalog/product.php(0)
VQModObject::applyMod - SEARCH NOT FOUND (ABORTING MOD): 'tag'              => $query->row['tag'],

----------------------------------------------------------------------


---------- Date: 2015-03-21 17:31:39 ~ IP : 127.0.0.1 ----------
REQUEST URI : /brian/real_dental/Dental/index.php?route=bossthemes/cart/add
MOD DETAILS:
   modFile   : /var/www/html/brian/real_dental/Dental/vqmod/xml/yuotube.xml
   id        : Adds Youtube videos to product pages
   version   : 1.0]
   vqmver    : 1.0
   author    : Oleh Vasylyev  olehvasilyev@gmail.com

File Name    : catalog/model/catalog/product.php(0)
VQModObject::applyMod - SEARCH NOT FOUND (ABORTING MOD): 'tag'              => $query->row['tag'],

----------------------------------------------------------------------


---------- Date: 2015-03-21 17:32:17 ~ IP : 127.0.0.1 ----------
REQUEST URI : /brian/real_dental/Dental/index.php?route=bossthemes/cart/add
MOD DETAILS:
   modFile   : /var/www/html/brian/real_dental/Dental/vqmod/xml/yuotube.xml
   id        : Adds Youtube videos to product pages
   version   : 1.0]
   vqmver    : 1.0
   author    : Oleh Vasylyev  olehvasilyev@gmail.com

File Name    : catalog/model/catalog/product.php(0)
VQModObject::applyMod - SEARCH NOT FOUND (ABORTING MOD): 'tag'              => $query->row['tag'],

----------------------------------------------------------------------


---------- Date: 2015-03-21 17:32:50 ~ IP : 127.0.0.1 ----------
REQUEST URI : /brian/real_dental/Dental/index.php?route=bossthemes/cart/add
MOD DETAILS:
   modFile   : /var/www/html/brian/real_dental/Dental/vqmod/xml/yuotube.xml
   id        : Adds Youtube videos to product pages
   version   : 1.0]
   vqmver    : 1.0
   author    : Oleh Vasylyev  olehvasilyev@gmail.com

File Name    : catalog/model/catalog/product.php(0)
VQModObject::applyMod - SEARCH NOT FOUND (ABORTING MOD): 'tag'              => $query->row['tag'],

----------------------------------------------------------------------


---------- Date: 2015-03-21 17:33:21 ~ IP : 127.0.0.1 ----------
REQUEST URI : /brian/real_dental/Dental/index.php?route=bossthemes/cart/add
MOD DETAILS:
   modFile   : /var/www/html/brian/real_dental/Dental/vqmod/xml/yuotube.xml
   id        : Adds Youtube videos to product pages
   version   : 1.0]
   vqmver    : 1.0
   author    : Oleh Vasylyev  olehvasilyev@gmail.com

File Name    : catalog/model/catalog/product.php(0)
VQModObject::applyMod - SEARCH NOT FOUND (ABORTING MOD): 'tag'              => $query->row['tag'],

----------------------------------------------------------------------


---------- Date: 2015-03-21 17:33:42 ~ IP : 127.0.0.1 ----------
REQUEST URI : /brian/real_dental/Dental/index.php?route=bossthemes/cart/add
MOD DETAILS:
   modFile   : /var/www/html/brian/real_dental/Dental/vqmod/xml/yuotube.xml
   id        : Adds Youtube videos to product pages
   version   : 1.0]
   vqmver    : 1.0
   author    : Oleh Vasylyev  olehvasilyev@gmail.com

File Name    : catalog/model/catalog/product.php(0)
VQModObject::applyMod - SEARCH NOT FOUND (ABORTING MOD): 'tag'              => $query->row['tag'],

----------------------------------------------------------------------


---------- Date: 2015-03-21 17:35:19 ~ IP : 127.0.0.1 ----------
REQUEST URI : /brian/real_dental/Dental/index.php?route=bossthemes/cart/add
MOD DETAILS:
   modFile   : /var/www/html/brian/real_dental/Dental/vqmod/xml/yuotube.xml
   id        : Adds Youtube videos to product pages
   version   : 1.0]
   vqmver    : 1.0
   author    : Oleh Vasylyev  olehvasilyev@gmail.com

File Name    : catalog/model/catalog/product.php(0)
VQModObject::applyMod - SEARCH NOT FOUND (ABORTING MOD): 'tag'              => $query->row['tag'],

----------------------------------------------------------------------


---------- Date: 2015-03-21 17:35:29 ~ IP : 127.0.0.1 ----------
REQUEST URI : /brian/real_dental/Dental/index.php?route=product/product&amp;path=18&amp;product_id=52
MOD DETAILS:
   modFile   : /var/www/html/brian/real_dental/Dental/vqmod/xml/yuotube.xml
   id        : Adds Youtube videos to product pages
   version   : 1.0]
   vqmver    : 1.0
   author    : Oleh Vasylyev  olehvasilyev@gmail.com

File Name    : catalog/model/catalog/product.php(0)
VQModObject::applyMod - SEARCH NOT FOUND (ABORTING MOD): 'tag'              => $query->row['tag'],

----------------------------------------------------------------------


---------- Date: 2015-03-21 17:35:57 ~ IP : 127.0.0.1 ----------
REQUEST URI : /brian/real_dental/Dental/admin/index.php?route=catalog/product/update&amp;token=9cf2e973bcc4f704a751a62642280f1f&amp;product_id=6317
MOD DETAILS:
   modFile   : /var/www/html/brian/real_dental/Dental/vqmod/xml/yuotube.xml
   id        : Adds Youtube videos to product pages
   version   : 1.0]
   vqmver    : 1.0
   author    : Oleh Vasylyev  olehvasilyev@gmail.com

File Name    : admin/language/*/catalog/product.php(0)
VQModObject::applyMod - SEARCH NOT FOUND (ABORTING MOD): $_['entry_name']             = 'Product Name:';

----------------------------------------------------------------------


---------- Date: 2015-03-21 17:36:34 ~ IP : 127.0.0.1 ----------
REQUEST URI : /brian/real_dental/Dental/index.php?route=checkout/cart
MOD DETAILS:
   modFile   : /var/www/html/brian/real_dental/Dental/vqmod/xml/yuotube.xml
   id        : Adds Youtube videos to product pages
   version   : 1.0]
   vqmver    : 1.0
   author    : Oleh Vasylyev  olehvasilyev@gmail.com

File Name    : catalog/model/catalog/product.php(0)
VQModObject::applyMod - SEARCH NOT FOUND (ABORTING MOD): 'tag'              => $query->row['tag'],

----------------------------------------------------------------------


---------- Date: 2015-03-21 17:37:52 ~ IP : 127.0.0.1 ----------
REQUEST URI : /brian/real_dental/Dental/index.php?route=checkout/cart
MOD DETAILS:
   modFile   : /var/www/html/brian/real_dental/Dental/vqmod/xml/yuotube.xml
   id        : Adds Youtube videos to product pages
   version   : 1.0]
   vqmver    : 1.0
   author    : Oleh Vasylyev  olehvasilyev@gmail.com

File Name    : catalog/model/catalog/product.php(0)
VQModObject::applyMod - SEARCH NOT FOUND (ABORTING MOD): 'tag'              => $query->row['tag'],

----------------------------------------------------------------------


---------- Date: 2015-03-21 17:38:01 ~ IP : 127.0.0.1 ----------
REQUEST URI : /brian/real_dental/Dental/index.php?route=checkout/cart
MOD DETAILS:
   modFile   : /var/www/html/brian/real_dental/Dental/vqmod/xml/yuotube.xml
   id        : Adds Youtube videos to product pages
   version   : 1.0]
   vqmver    : 1.0
   author    : Oleh Vasylyev  olehvasilyev@gmail.com

File Name    : catalog/model/catalog/product.php(0)
VQModObject::applyMod - SEARCH NOT FOUND (ABORTING MOD): 'tag'              => $query->row['tag'],

----------------------------------------------------------------------


---------- Date: 2015-03-21 17:38:09 ~ IP : 127.0.0.1 ----------
REQUEST URI : /brian/real_dental/Dental/index.php?route=checkout/checkout
MOD DETAILS:
   modFile   : /var/www/html/brian/real_dental/Dental/vqmod/xml/yuotube.xml
   id        : Adds Youtube videos to product pages
   version   : 1.0]
   vqmver    : 1.0
   author    : Oleh Vasylyev  olehvasilyev@gmail.com

File Name    : catalog/model/catalog/product.php(0)
VQModObject::applyMod - SEARCH NOT FOUND (ABORTING MOD): 'tag'              => $query->row['tag'],

----------------------------------------------------------------------


---------- Date: 2015-03-21 17:38:49 ~ IP : 127.0.0.1 ----------
REQUEST URI : /brian/real_dental/Dental/index.php?route=checkout/success
MOD DETAILS:
   modFile   : /var/www/html/brian/real_dental/Dental/vqmod/xml/yuotube.xml
   id        : Adds Youtube videos to product pages
   version   : 1.0]
   vqmver    : 1.0
   author    : Oleh Vasylyev  olehvasilyev@gmail.com

File Name    : catalog/model/catalog/product.php(0)
VQModObject::applyMod - SEARCH NOT FOUND (ABORTING MOD): 'tag'              => $query->row['tag'],

----------------------------------------------------------------------


---------- Date: 2015-03-21 17:47:59 ~ IP : 127.0.0.1 ----------
REQUEST URI : /brian/real_dental/Dental/index.php?route=product/product&amp;path=18&amp;product_id=52
MOD DETAILS:
   modFile   : /var/www/html/brian/real_dental/Dental/vqmod/xml/yuotube.xml
   id        : Adds Youtube videos to product pages
   version   : 1.0]
   vqmver    : 1.0
   author    : Oleh Vasylyev  olehvasilyev@gmail.com

File Name    : catalog/model/catalog/product.php(0)
VQModObject::applyMod - SEARCH NOT FOUND (ABORTING MOD): 'tag'              => $query->row['tag'],

----------------------------------------------------------------------


---------- Date: 2015-03-21 17:58:16 ~ IP : 127.0.0.1 ----------
REQUEST URI : /brian/real_dental/Dental/index.php?route=bossthemes/cart/add
MOD DETAILS:
   modFile   : /var/www/html/brian/real_dental/Dental/vqmod/xml/yuotube.xml
   id        : Adds Youtube videos to product pages
   version   : 1.0]
   vqmver    : 1.0
   author    : Oleh Vasylyev  olehvasilyev@gmail.com

File Name    : catalog/model/catalog/product.php(0)
VQModObject::applyMod - SEARCH NOT FOUND (ABORTING MOD): 'tag'              => $query->row['tag'],

----------------------------------------------------------------------


---------- Date: 2015-03-21 18:04:01 ~ IP : 127.0.0.1 ----------
REQUEST URI : /brian/real_dental/Dental/index.php?route=bossthemes/cart/add
MOD DETAILS:
   modFile   : /var/www/html/brian/real_dental/Dental/vqmod/xml/yuotube.xml
   id        : Adds Youtube videos to product pages
   version   : 1.0]
   vqmver    : 1.0
   author    : Oleh Vasylyev  olehvasilyev@gmail.com

File Name    : catalog/model/catalog/product.php(0)
VQModObject::applyMod - SEARCH NOT FOUND (ABORTING MOD): 'tag'              => $query->row['tag'],

----------------------------------------------------------------------


---------- Date: 2015-03-21 18:04:17 ~ IP : 127.0.0.1 ----------
REQUEST URI : /brian/real_dental/Dental/index.php?route=bossthemes/cart/add
MOD DETAILS:
   modFile   : /var/www/html/brian/real_dental/Dental/vqmod/xml/yuotube.xml
   id        : Adds Youtube videos to product pages
   version   : 1.0]
   vqmver    : 1.0
   author    : Oleh Vasylyev  olehvasilyev@gmail.com

File Name    : catalog/model/catalog/product.php(0)
VQModObject::applyMod - SEARCH NOT FOUND (ABORTING MOD): 'tag'              => $query->row['tag'],

----------------------------------------------------------------------


---------- Date: 2015-03-21 18:04:29 ~ IP : 127.0.0.1 ----------
REQUEST URI : /brian/real_dental/Dental/index.php?route=bossthemes/cart/add
MOD DETAILS:
   modFile   : /var/www/html/brian/real_dental/Dental/vqmod/xml/yuotube.xml
   id        : Adds Youtube videos to product pages
   version   : 1.0]
   vqmver    : 1.0
   author    : Oleh Vasylyev  olehvasilyev@gmail.com

File Name    : catalog/model/catalog/product.php(0)
VQModObject::applyMod - SEARCH NOT FOUND (ABORTING MOD): 'tag'              => $query->row['tag'],

----------------------------------------------------------------------


---------- Date: 2015-03-21 18:06:59 ~ IP : 127.0.0.1 ----------
REQUEST URI : /brian/real_dental/Dental/index.php?route=product/product&amp;path=18&amp;product_id=52
MOD DETAILS:
   modFile   : /var/www/html/brian/real_dental/Dental/vqmod/xml/yuotube.xml
   id        : Adds Youtube videos to product pages
   version   : 1.0]
   vqmver    : 1.0
   author    : Oleh Vasylyev  olehvasilyev@gmail.com

File Name    : catalog/model/catalog/product.php(0)
VQModObject::applyMod - SEARCH NOT FOUND (ABORTING MOD): 'tag'              => $query->row['tag'],

----------------------------------------------------------------------


---------- Date: 2015-03-21 18:11:33 ~ IP : 127.0.0.1 ----------
REQUEST URI : /brian/real_dental/Dental/index.php?route=account/account
MOD DETAILS:
   modFile   : /var/www/html/brian/real_dental/Dental/vqmod/xml/yuotube.xml
   id        : Adds Youtube videos to product pages
   version   : 1.0]
   vqmver    : 1.0
   author    : Oleh Vasylyev  olehvasilyev@gmail.com

File Name    : catalog/model/catalog/product.php(0)
VQModObject::applyMod - SEARCH NOT FOUND (ABORTING MOD): 'tag'              => $query->row['tag'],

----------------------------------------------------------------------


---------- Date: 2015-03-21 18:11:40 ~ IP : 127.0.0.1 ----------
REQUEST URI : /brian/real_dental/Dental/index.php?route=checkout/cart
MOD DETAILS:
   modFile   : /var/www/html/brian/real_dental/Dental/vqmod/xml/yuotube.xml
   id        : Adds Youtube videos to product pages
   version   : 1.0]
   vqmver    : 1.0
   author    : Oleh Vasylyev  olehvasilyev@gmail.com

File Name    : catalog/model/catalog/product.php(0)
VQModObject::applyMod - SEARCH NOT FOUND (ABORTING MOD): 'tag'              => $query->row['tag'],

----------------------------------------------------------------------


---------- Date: 2015-03-21 18:11:44 ~ IP : 127.0.0.1 ----------
REQUEST URI : /brian/real_dental/Dental/index.php?route=checkout/checkout
MOD DETAILS:
   modFile   : /var/www/html/brian/real_dental/Dental/vqmod/xml/yuotube.xml
   id        : Adds Youtube videos to product pages
   version   : 1.0]
   vqmver    : 1.0
   author    : Oleh Vasylyev  olehvasilyev@gmail.com

File Name    : catalog/model/catalog/product.php(0)
VQModObject::applyMod - SEARCH NOT FOUND (ABORTING MOD): 'tag'              => $query->row['tag'],

----------------------------------------------------------------------


---------- Date: 2015-03-21 18:13:18 ~ IP : 127.0.0.1 ----------
REQUEST URI : /brian/real_dental/Dental/index.php?route=checkout/checkout
MOD DETAILS:
   modFile   : /var/www/html/brian/real_dental/Dental/vqmod/xml/yuotube.xml
   id        : Adds Youtube videos to product pages
   version   : 1.0]
   vqmver    : 1.0
   author    : Oleh Vasylyev  olehvasilyev@gmail.com

File Name    : catalog/model/catalog/product.php(0)
VQModObject::applyMod - SEARCH NOT FOUND (ABORTING MOD): 'tag'              => $query->row['tag'],

----------------------------------------------------------------------


---------- Date: 2015-03-21 19:20:48 ~ IP : 127.0.0.1 ----------
REQUEST URI : /brian/real_dental/Dental/index.php?route=bossthemes/cart/add
MOD DETAILS:
   modFile   : /var/www/html/brian/real_dental/Dental/vqmod/xml/yuotube.xml
   id        : Adds Youtube videos to product pages
   version   : 1.0]
   vqmver    : 1.0
   author    : Oleh Vasylyev  olehvasilyev@gmail.com

File Name    : catalog/model/catalog/product.php(0)
VQModObject::applyMod - SEARCH NOT FOUND (ABORTING MOD): 'tag'              => $query->row['tag'],

----------------------------------------------------------------------


---------- Date: 2015-03-21 19:20:57 ~ IP : 127.0.0.1 ----------
REQUEST URI : /brian/real_dental/Dental/index.php?route=checkout/checkout
MOD DETAILS:
   modFile   : /var/www/html/brian/real_dental/Dental/vqmod/xml/yuotube.xml
   id        : Adds Youtube videos to product pages
   version   : 1.0]
   vqmver    : 1.0
   author    : Oleh Vasylyev  olehvasilyev@gmail.com

File Name    : catalog/model/catalog/product.php(0)
VQModObject::applyMod - SEARCH NOT FOUND (ABORTING MOD): 'tag'              => $query->row['tag'],

----------------------------------------------------------------------


---------- Date: 2015-03-21 19:21:27 ~ IP : 127.0.0.1 ----------
REQUEST URI : /brian/real_dental/Dental/index.php?route=checkout/checkout
MOD DETAILS:
   modFile   : /var/www/html/brian/real_dental/Dental/vqmod/xml/yuotube.xml
   id        : Adds Youtube videos to product pages
   version   : 1.0]
   vqmver    : 1.0
   author    : Oleh Vasylyev  olehvasilyev@gmail.com

File Name    : catalog/model/catalog/product.php(0)
VQModObject::applyMod - SEARCH NOT FOUND (ABORTING MOD): 'tag'              => $query->row['tag'],

----------------------------------------------------------------------


---------- Date: 2015-03-21 19:24:25 ~ IP : 127.0.0.1 ----------
REQUEST URI : /brian/real_dental/Dental/index.php?route=checkout/checkout
MOD DETAILS:
   modFile   : /var/www/html/brian/real_dental/Dental/vqmod/xml/yuotube.xml
   id        : Adds Youtube videos to product pages
   version   : 1.0]
   vqmver    : 1.0
   author    : Oleh Vasylyev  olehvasilyev@gmail.com

File Name    : catalog/model/catalog/product.php(0)
VQModObject::applyMod - SEARCH NOT FOUND (ABORTING MOD): 'tag'              => $query->row['tag'],

----------------------------------------------------------------------


---------- Date: 2015-03-21 19:35:06 ~ IP : 127.0.0.1 ----------
REQUEST URI : /brian/real_dental/Dental/index.php?route=checkout/checkout
MOD DETAILS:
   modFile   : /var/www/html/brian/real_dental/Dental/vqmod/xml/yuotube.xml
   id        : Adds Youtube videos to product pages
   version   : 1.0]
   vqmver    : 1.0
   author    : Oleh Vasylyev  olehvasilyev@gmail.com

File Name    : catalog/model/catalog/product.php(0)
VQModObject::applyMod - SEARCH NOT FOUND (ABORTING MOD): 'tag'              => $query->row['tag'],

----------------------------------------------------------------------


---------- Date: 2015-03-21 19:36:22 ~ IP : 127.0.0.1 ----------
REQUEST URI : /brian/real_dental/Dental/index.php?route=checkout/checkout
MOD DETAILS:
   modFile   : /var/www/html/brian/real_dental/Dental/vqmod/xml/yuotube.xml
   id        : Adds Youtube videos to product pages
   version   : 1.0]
   vqmver    : 1.0
   author    : Oleh Vasylyev  olehvasilyev@gmail.com

File Name    : catalog/model/catalog/product.php(0)
VQModObject::applyMod - SEARCH NOT FOUND (ABORTING MOD): 'tag'              => $query->row['tag'],

----------------------------------------------------------------------


---------- Date: 2015-03-21 19:37:52 ~ IP : 127.0.0.1 ----------
REQUEST URI : /brian/real_dental/Dental/index.php?route=checkout/checkout
MOD DETAILS:
   modFile   : /var/www/html/brian/real_dental/Dental/vqmod/xml/yuotube.xml
   id        : Adds Youtube videos to product pages
   version   : 1.0]
   vqmver    : 1.0
   author    : Oleh Vasylyev  olehvasilyev@gmail.com

File Name    : catalog/model/catalog/product.php(0)
VQModObject::applyMod - SEARCH NOT FOUND (ABORTING MOD): 'tag'              => $query->row['tag'],

----------------------------------------------------------------------


---------- Date: 2015-03-21 19:43:02 ~ IP : 127.0.0.1 ----------
REQUEST URI : /brian/real_dental/Dental/index.php?route=checkout/success
MOD DETAILS:
   modFile   : /var/www/html/brian/real_dental/Dental/vqmod/xml/yuotube.xml
   id        : Adds Youtube videos to product pages
   version   : 1.0]
   vqmver    : 1.0
   author    : Oleh Vasylyev  olehvasilyev@gmail.com

File Name    : catalog/model/catalog/product.php(0)
VQModObject::applyMod - SEARCH NOT FOUND (ABORTING MOD): 'tag'              => $query->row['tag'],

----------------------------------------------------------------------


