0000;2015-09-23 22:30:39;SIDICOM_PALMEXPORT_220915_1715.txt;
300T;0;
308T;0;
310T;0;
999I0;
999U0;
0000;2015-09-24 01:28:26;SIDICOM_PALMEXPORT_220915_1715.txt;
300T;2931;
308T;2931;
310T;2930;
999I0;
999U0;
0000;2015-09-24 01:29:04;SIDICOM_PALMEXPORT_220915_1715.txt;
300T;2931;
308T;2931;
310T;2930;
999I0;
999U0;
0000;2015-09-24 01:31:35;SIDICOM_PALMEXPORT_220915_1715.txt;
300T;2931;
308T;2931;
310T;2930;
0000;2015-09-24 01:31:36;SIDICOM_PALMEXPORT_220915_1715.txt;
300T;2931;
308T;2931;
310T;2930;
999I0;
999U0;
0000;2015-09-24 01:32:32;SIDICOM_PALMEXPORT_220915_1715.txt;
300T;2931;
308T;2931;
310T;2930;
0000;2015-09-24 01:33:32;SIDICOM_PALMEXPORT_220915_1715.txt;
300T;2931;
308T;2931;
310T;2930;
0000;2015-09-24 01:33:33;SIDICOM_PALMEXPORT_220915_1715.txt;
300T;2931;
308T;2931;
310T;2930;
0000;2015-09-24 01:33:33;SIDICOM_PALMEXPORT_220915_1715.txt;
300T;2931;
308T;2931;
310T;2930;
0000;2015-09-24 01:33:34;SIDICOM_PALMEXPORT_220915_1715.txt;
300T;2931;
308T;2931;
310T;2930;
0000;2015-09-24 01:33:34;SIDICOM_PALMEXPORT_220915_1715.txt;
300T;2931;
308T;2931;
310T;2930;
0000;2015-09-24 01:33:35;SIDICOM_PALMEXPORT_220915_1715.txt;
300T;2931;
308T;2931;
310T;2930;
0000;2015-09-24 01:33:41;SIDICOM_PALMEXPORT_220915_1715.txt;
300T;2931;
308T;2931;
310T;2930;
0000;2015-09-24 01:33:42;SIDICOM_PALMEXPORT_220915_1715.txt;
300T;2931;
308T;2931;
310T;2930;
0000;2015-09-24 01:33:54;SIDICOM_PALMEXPORT_220915_1715.txt;
300T;2931;
308T;2931;
310T;2930;
0000;2015-09-24 01:33:55;SIDICOM_PALMEXPORT_220915_1715.txt;
300T;2931;
308T;2931;
310T;2930;
0000;2015-09-24 01:33:55;SIDICOM_PALMEXPORT_220915_1715.txt;
300T;2931;
308T;2931;
310T;2930;
0000;2015-09-24 01:33:56;SIDICOM_PALMEXPORT_220915_1715.txt;
300T;2931;
308T;2931;
310T;2930;
0000;2015-09-24 01:35:27;SIDICOM_PALMEXPORT_220915_1715.txt;
300T;2931;
308T;2931;
310T;2930;
0000;2015-09-24 01:35:38;SIDICOM_PALMEXPORT_220915_1715.txt;
300T;2931;
308T;2931;
310T;2930;
300E;4316;
300E;9212;
300E;5507;
300E;882;
300E;891;
300E;892;
300E;193;
300E;4780;
300E;4541;
300E;5633;
300E;5735;
300E;4930;
300E;4955;
300E;3837;
300E;5541;
999I15;
999U2916;
0000;2015-09-25 19:50:53;SIDICOM_PALMEXPORT_220915_1715.txt;
300T;2931;
308T;2931;
310T;2930;
300E;4316;
300E;9212;
300E;5507;
300E;882;
300E;891;
300E;892;
300E;193;
300E;4780;
300E;4541;
300E;5633;
300E;5735;
300E;4930;
300E;4955;
300E;3837;
300E;5541;
999I15;
999U2916;
0000;2015-09-25 20:11:10;SIDICOM_PALMEXPORT_220915_1715.txt;
300T;2931;
308T;2931;
310T;2930;
999I0;
999U2931;
0000;2015-09-25 20:24:32;SIDICOM_PALMEXPORT_220915_1715.txt;
300T;2931;
308T;2931;
310T;2930;
300E;4316;
300E;9212;
300E;5507;
300E;882;
300E;891;
300E;892;
300E;193;
300E;4780;
300E;4541;
300E;5633;
300E;5735;
300E;4930;
300E;4955;
300E;3837;
300E;5541;
999I15;
999U2916;
